[2026-02-05T23:12:41.903+0000] {taskinstance.py:1956} INFO - Dependencies all met for dep_context=non-requeueable deps ti=<TaskInstance: ecommerce_etl_full.transform_events_to_bq manual__2026-02-05T23:09:05.834134+00:00 [queued]>
[2026-02-05T23:12:41.907+0000] {taskinstance.py:1956} INFO - Dependencies all met for dep_context=requeueable deps ti=<TaskInstance: ecommerce_etl_full.transform_events_to_bq manual__2026-02-05T23:09:05.834134+00:00 [queued]>
[2026-02-05T23:12:41.907+0000] {taskinstance.py:2170} INFO - Starting attempt 1 of 1
[2026-02-05T23:12:41.912+0000] {taskinstance.py:2191} INFO - Executing <Task(BigQueryInsertJobOperator): transform_events_to_bq> on 2026-02-05 23:09:05.834134+00:00
[2026-02-05T23:12:41.915+0000] {standard_task_runner.py:60} INFO - Started process 5339 to run task
[2026-02-05T23:12:41.917+0000] {standard_task_runner.py:87} INFO - Running: ['***', 'tasks', 'run', 'ecommerce_etl_full', 'transform_events_to_bq', 'manual__2026-02-05T23:09:05.834134+00:00', '--job-id', '39', '--raw', '--subdir', 'DAGS_FOLDER/etl_dag.py', '--cfg-path', '/tmp/tmp2z94cdg8']
[2026-02-05T23:12:41.919+0000] {standard_task_runner.py:88} INFO - Job 39: Subtask transform_events_to_bq
[2026-02-05T23:12:41.939+0000] {task_command.py:423} INFO - Running <TaskInstance: ecommerce_etl_full.transform_events_to_bq manual__2026-02-05T23:09:05.834134+00:00 [running]> on host 12c5c10e9611
[2026-02-05T23:12:41.972+0000] {taskinstance.py:2480} INFO - Exporting env vars: AIRFLOW_CTX_DAG_OWNER='***' AIRFLOW_CTX_DAG_ID='ecommerce_etl_full' AIRFLOW_CTX_TASK_ID='transform_events_to_bq' AIRFLOW_CTX_EXECUTION_DATE='2026-02-05T23:09:05.834134+00:00' AIRFLOW_CTX_TRY_NUMBER='1' AIRFLOW_CTX_DAG_RUN_ID='manual__2026-02-05T23:09:05.834134+00:00'
[2026-02-05T23:12:41.976+0000] {connection.py:234} WARNING - Connection schemes (type: google_cloud_platform) shall not contain '_' according to RFC3986.
[2026-02-05T23:12:41.977+0000] {base.py:83} INFO - Using connection ID 'google_cloud_default' for task execution.
[2026-02-05T23:12:41.977+0000] {credentials_provider.py:353} INFO - Getting connection using `google.auth.default()` since no explicit credentials are provided.
[2026-02-05T23:12:42.014+0000] {bigquery.py:2807} INFO - Executing: {'query': {'query': "\n                CREATE OR REPLACE TABLE `prism-486509.ecom_dataset.inventory_items_transformed` AS\n                    SELECT\n                    id,\n                    (TRIM(name)) AS name,  \n                    CAST(latitude AS FLOAT64) AS latitude,\n                    CAST(longitude AS FLOAT64) AS longitude\n                    FROM 'prism-486509.ecom_dataset.inventory_items_ext'\n                    LIMIT 100\n            ", 'useLegacySql': False}}'
[2026-02-05T23:12:42.015+0000] {bigquery.py:1596} INFO - Inserting job ***_ecommerce_etl_full_transform_events_to_bq_2026_02_05T23_09_05_834134_00_00_1aa434daa1e8dac06731484cce8b6768
[2026-02-05T23:12:42.344+0000] {taskinstance.py:2698} ERROR - Task failed with exception
Traceback (most recent call last):
  File "/home/airflow/.local/lib/python3.8/site-packages/airflow/models/taskinstance.py", line 433, in _execute_task
    result = execute_callable(context=context, **execute_callable_kwargs)
  File "/home/airflow/.local/lib/python3.8/site-packages/airflow/providers/google/cloud/operators/bigquery.py", line 2864, in execute
    job.result(timeout=self.result_timeout, retry=self.result_retry)
  File "/home/airflow/.local/lib/python3.8/site-packages/google/cloud/bigquery/job/query.py", line 1595, in result
    do_get_result()
  File "/home/airflow/.local/lib/python3.8/site-packages/google/cloud/bigquery/job/query.py", line 1584, in do_get_result
    super(QueryJob, self).result(retry=retry, timeout=timeout)
  File "/home/airflow/.local/lib/python3.8/site-packages/google/cloud/bigquery/job/base.py", line 971, in result
    return super(_AsyncJob, self).result(timeout=timeout, **kwargs)
  File "/home/airflow/.local/lib/python3.8/site-packages/google/api_core/future/polling.py", line 261, in result
    raise self._exception
google.api_core.exceptions.BadRequest: 400 Syntax error: Unexpected string literal 'prism-486509.ecom_dataset.inventory_items_ext' at [8:26]; reason: invalidQuery, location: query, message: Syntax error: Unexpected string literal 'prism-486509.ecom_dataset.inventory_items_ext' at [8:26]

Location: europe-west1
Job ID: airflow_ecommerce_etl_full_transform_events_to_bq_2026_02_05T23_09_05_834134_00_00_1aa434daa1e8dac06731484cce8b6768

[2026-02-05T23:12:42.352+0000] {taskinstance.py:1138} INFO - Marking task as FAILED. dag_id=ecommerce_etl_full, task_id=transform_events_to_bq, execution_date=20260205T230905, start_date=20260205T231241, end_date=20260205T231242
[2026-02-05T23:12:42.361+0000] {standard_task_runner.py:107} ERROR - Failed to execute job 39 for task transform_events_to_bq (400 Syntax error: Unexpected string literal 'prism-486509.ecom_dataset.inventory_items_ext' at [8:26]; reason: invalidQuery, location: query, message: Syntax error: Unexpected string literal 'prism-486509.ecom_dataset.inventory_items_ext' at [8:26]

Location: europe-west1
Job ID: airflow_ecommerce_etl_full_transform_events_to_bq_2026_02_05T23_09_05_834134_00_00_1aa434daa1e8dac06731484cce8b6768
; 5339)
[2026-02-05T23:12:42.394+0000] {local_task_job_runner.py:234} INFO - Task exited with return code 1
[2026-02-05T23:12:42.409+0000] {taskinstance.py:3280} INFO - 0 downstream tasks scheduled from follow-on schedule check
