[2026-02-07T19:45:02.699+0000] {taskinstance.py:1956} INFO - Dependencies all met for dep_context=non-requeueable deps ti=<TaskInstance: ecommerce_etl.silver_orders scheduled__2026-02-06T00:00:00+00:00 [queued]>
[2026-02-07T19:45:02.703+0000] {taskinstance.py:1956} INFO - Dependencies all met for dep_context=requeueable deps ti=<TaskInstance: ecommerce_etl.silver_orders scheduled__2026-02-06T00:00:00+00:00 [queued]>
[2026-02-07T19:45:02.703+0000] {taskinstance.py:2170} INFO - Starting attempt 43 of 43
[2026-02-07T19:45:02.710+0000] {taskinstance.py:2191} INFO - Executing <Task(BigQueryInsertJobOperator): silver_orders> on 2026-02-06 00:00:00+00:00
[2026-02-07T19:45:02.714+0000] {standard_task_runner.py:60} INFO - Started process 15857 to run task
[2026-02-07T19:45:02.716+0000] {standard_task_runner.py:87} INFO - Running: ['***', 'tasks', 'run', 'ecommerce_etl', 'silver_orders', 'scheduled__2026-02-06T00:00:00+00:00', '--job-id', '205', '--raw', '--subdir', 'DAGS_FOLDER/etl_dag.py', '--cfg-path', '/tmp/tmpzpd7xvmj']
[2026-02-07T19:45:02.717+0000] {standard_task_runner.py:88} INFO - Job 205: Subtask silver_orders
[2026-02-07T19:45:02.743+0000] {task_command.py:423} INFO - Running <TaskInstance: ecommerce_etl.silver_orders scheduled__2026-02-06T00:00:00+00:00 [running]> on host 1d9eed85a9d4
[2026-02-07T19:45:02.779+0000] {taskinstance.py:2480} INFO - Exporting env vars: AIRFLOW_CTX_DAG_OWNER='***' AIRFLOW_CTX_DAG_ID='ecommerce_etl' AIRFLOW_CTX_TASK_ID='silver_orders' AIRFLOW_CTX_EXECUTION_DATE='2026-02-06T00:00:00+00:00' AIRFLOW_CTX_TRY_NUMBER='43' AIRFLOW_CTX_DAG_RUN_ID='scheduled__2026-02-06T00:00:00+00:00'
[2026-02-07T19:45:02.783+0000] {connection.py:234} WARNING - Connection schemes (type: google_cloud_platform) shall not contain '_' according to RFC3986.
[2026-02-07T19:45:02.784+0000] {base.py:83} INFO - Using connection ID 'google_cloud_default' for task execution.
[2026-02-07T19:45:02.784+0000] {credentials_provider.py:353} INFO - Getting connection using `google.auth.default()` since no explicit credentials are provided.
[2026-02-07T19:45:02.823+0000] {bigquery.py:2807} INFO - Executing: {'query': {'query': "SELECT\n    order_id,\n    user_id,\n    status,\n    CAST(gender AS STRING) AS gender,\n    -- Convert created_at from STRING to TIMESTAMP and format\n    FORMAT_TIMESTAMP('%Y-%m-%d %H:%M:%S', TIMESTAMP(created_at)) AS created_at,\n    \n    -- Handle other timestamp columns, allow NULLs\n    CASE \n        WHEN returned_at IS NOT NULL THEN FORMAT_TIMESTAMP('%Y-%m-%d %H:%M:%S', TIMESTAMP(returned_at))\n        ELSE NULL\n    END AS returned_at,\n    \n    CASE \n        WHEN shipped_at IS NOT NULL THEN FORMAT_TIMESTAMP('%Y-%m-%d %H:%M:%S', TIMESTAMP(shipped_at))\n        ELSE NULL\n    END AS shipped_at,\n    \n    CASE \n        WHEN delivered_at IS NOT NULL THEN FORMAT_TIMESTAMP('%Y-%m-%d %H:%M:%S', TIMESTAMP(delivered_at))\n        ELSE NULL\n    END AS delivered_at,\n    \n    num_of_item\n\nFROM `bronze.ext_orders`;", 'useLegacySql': False, 'destinationTable': {'projectId': 'prism-486509', 'datasetId': 'silver', 'tableId': 'orders'}, 'writeDisposition': 'WRITE_TRUNCATE'}}'
[2026-02-07T19:45:02.824+0000] {bigquery.py:1596} INFO - Inserting job ***_ecommerce_etl_silver_orders_2026_02_06T00_00_00_00_00_260bdc466fe7e597d66e17ff8dd56113
[2026-02-07T19:45:03.460+0000] {taskinstance.py:2698} ERROR - Task failed with exception
Traceback (most recent call last):
  File "/home/airflow/.local/lib/python3.8/site-packages/airflow/models/taskinstance.py", line 433, in _execute_task
    result = execute_callable(context=context, **execute_callable_kwargs)
  File "/home/airflow/.local/lib/python3.8/site-packages/airflow/providers/google/cloud/operators/bigquery.py", line 2864, in execute
    job.result(timeout=self.result_timeout, retry=self.result_retry)
  File "/home/airflow/.local/lib/python3.8/site-packages/google/cloud/bigquery/job/query.py", line 1595, in result
    do_get_result()
  File "/home/airflow/.local/lib/python3.8/site-packages/google/cloud/bigquery/job/query.py", line 1584, in do_get_result
    super(QueryJob, self).result(retry=retry, timeout=timeout)
  File "/home/airflow/.local/lib/python3.8/site-packages/google/cloud/bigquery/job/base.py", line 971, in result
    return super(_AsyncJob, self).result(timeout=timeout, **kwargs)
  File "/home/airflow/.local/lib/python3.8/site-packages/google/api_core/future/polling.py", line 261, in result
    raise self._exception
google.api_core.exceptions.NotFound: 404 Not found: Table prism-486509:bronze.ext_orders was not found in location europe-west1; reason: notFound, message: Not found: Table prism-486509:bronze.ext_orders was not found in location europe-west1

Location: europe-west1
Job ID: airflow_ecommerce_etl_silver_orders_2026_02_06T00_00_00_00_00_260bdc466fe7e597d66e17ff8dd56113

[2026-02-07T19:45:03.469+0000] {taskinstance.py:1138} INFO - Marking task as FAILED. dag_id=ecommerce_etl, task_id=silver_orders, execution_date=20260206T000000, start_date=20260207T194502, end_date=20260207T194503
[2026-02-07T19:45:03.477+0000] {standard_task_runner.py:107} ERROR - Failed to execute job 205 for task silver_orders (404 Not found: Table prism-486509:bronze.ext_orders was not found in location europe-west1; reason: notFound, message: Not found: Table prism-486509:bronze.ext_orders was not found in location europe-west1

Location: europe-west1
Job ID: airflow_ecommerce_etl_silver_orders_2026_02_06T00_00_00_00_00_260bdc466fe7e597d66e17ff8dd56113
; 15857)
[2026-02-07T19:45:03.488+0000] {local_task_job_runner.py:234} INFO - Task exited with return code 1
[2026-02-07T19:45:03.499+0000] {taskinstance.py:3280} INFO - 0 downstream tasks scheduled from follow-on schedule check
