[2026-02-07T17:59:36.076+0000] {taskinstance.py:1956} INFO - Dependencies all met for dep_context=non-requeueable deps ti=<TaskInstance: ecommerce_etl.silver_orders scheduled__2026-02-06T00:00:00+00:00 [queued]>
[2026-02-07T17:59:36.080+0000] {taskinstance.py:1956} INFO - Dependencies all met for dep_context=requeueable deps ti=<TaskInstance: ecommerce_etl.silver_orders scheduled__2026-02-06T00:00:00+00:00 [queued]>
[2026-02-07T17:59:36.080+0000] {taskinstance.py:2170} INFO - Starting attempt 11 of 12
[2026-02-07T17:59:36.085+0000] {taskinstance.py:2191} INFO - Executing <Task(BigQueryInsertJobOperator): silver_orders> on 2026-02-06 00:00:00+00:00
[2026-02-07T17:59:36.089+0000] {standard_task_runner.py:60} INFO - Started process 8035 to run task
[2026-02-07T17:59:36.091+0000] {standard_task_runner.py:87} INFO - Running: ['***', 'tasks', 'run', 'ecommerce_etl', 'silver_orders', 'scheduled__2026-02-06T00:00:00+00:00', '--job-id', '160', '--raw', '--subdir', 'DAGS_FOLDER/etl_dag.py', '--cfg-path', '/tmp/tmpea9j8huy']
[2026-02-07T17:59:36.092+0000] {standard_task_runner.py:88} INFO - Job 160: Subtask silver_orders
[2026-02-07T17:59:36.113+0000] {task_command.py:423} INFO - Running <TaskInstance: ecommerce_etl.silver_orders scheduled__2026-02-06T00:00:00+00:00 [running]> on host 1d9eed85a9d4
[2026-02-07T17:59:36.148+0000] {taskinstance.py:2480} INFO - Exporting env vars: AIRFLOW_CTX_DAG_OWNER='***' AIRFLOW_CTX_DAG_ID='ecommerce_etl' AIRFLOW_CTX_TASK_ID='silver_orders' AIRFLOW_CTX_EXECUTION_DATE='2026-02-06T00:00:00+00:00' AIRFLOW_CTX_TRY_NUMBER='11' AIRFLOW_CTX_DAG_RUN_ID='scheduled__2026-02-06T00:00:00+00:00'
[2026-02-07T17:59:36.152+0000] {connection.py:234} WARNING - Connection schemes (type: google_cloud_platform) shall not contain '_' according to RFC3986.
[2026-02-07T17:59:36.152+0000] {base.py:83} INFO - Using connection ID 'google_cloud_default' for task execution.
[2026-02-07T17:59:36.153+0000] {credentials_provider.py:353} INFO - Getting connection using `google.auth.default()` since no explicit credentials are provided.
[2026-02-07T17:59:36.190+0000] {bigquery.py:2807} INFO - Executing: {'query': {'query': "\nWITH DeduplicatedOrders AS (\n  SELECT\n    *,\n    ROW_NUMBER() OVER (\n      PARTITION BY order_id, created_at\n      ORDER BY created_at\n    ) AS rn\n  FROM `bronze.ext_orders`\n),\n\nValidated AS (\n  SELECT\n    order_id,\n    SAFE_CAST(user_id AS INT64) AS user_id,\n    COALESCE(status, 'UNKNOWN') AS status_cleaned,\n    COALESCE(gender, 'UNKNOWN') AS gender_cleaned,\n    created_at,\n    shipped_at,\n    delivered_at,\n    returned_at,\n    SAFE_CAST(num_of_item AS INT64) AS num_of_item,\n\n    -- VALIDATION FLAGS (BOOLEAN ONLY, NO COALESCE)\n    (order_id > 0) AS is_valid_order_id,\n    (SAFE_CAST(user_id AS INT64) > 0) AS is_valid_user_id,\n    (created_at IS NOT NULL AND created_at <= CURRENT_TIMESTAMP()) AS is_valid_created_at,\n\n    (status IN ('Pending','Processing','Shipped','Delivered','Cancelled','Returned'))\n      AS is_known_status,\n\n    (gender IN ('M','F','Other'))\n      AS is_known_gender,\n\n    (SAFE_CAST(num_of_item AS INT64) >= 0)\n      AS is_valid_num_of_item,\n\n    (shipped_at IS NULL OR shipped_at >= created_at) AS is_valid_shipped_time,\n    (delivered_at IS NULL OR delivered_at >= shipped_at) AS is_valid_delivered_time,\n    (returned_at IS NULL OR (delivered_at IS NOT NULL AND returned_at >= delivered_at))\n      AS is_valid_returned_time\n\n  FROM DeduplicatedOrders\n  WHERE rn = 1 AND order_id IS NOT NULL\n)\n\nSELECT\n  order_id,\n  user_id,\n  status_cleaned AS status,\n  gender_cleaned AS gender,\n  created_at,\n  shipped_at,\n  delivered_at,\n  returned_at,\n  num_of_item,\n\n  -- Pass through boolean validations\n  is_valid_order_id,\n  is_valid_user_id,\n  is_valid_created_at,\n  is_known_status,\n  is_known_gender,\n  is_valid_num_of_item,\n  is_valid_shipped_time,\n  is_valid_delivered_time,\n  is_valid_returned_time\n\nFROM Validated\nWHERE\n  is_valid_order_id\n  AND is_valid_user_id\n  AND is_valid_created_at\n  AND is_known_status\n  AND is_known_gender\n  AND is_valid_num_of_item\n  AND is_valid_shipped_time\n  AND is_valid_delivered_time\n  AND is_valid_returned_time;", 'useLegacySql': False, 'destinationTable': {'projectId': 'prism-486509', 'datasetId': 'silver', 'tableId': 'orders'}, 'writeDisposition': 'WRITE_TRUNCATE'}}'
[2026-02-07T17:59:36.191+0000] {bigquery.py:1596} INFO - Inserting job ***_ecommerce_etl_silver_orders_2026_02_06T00_00_00_00_00_06342797ce79c50206b7992aee61208d
[2026-02-07T17:59:37.093+0000] {taskinstance.py:2698} ERROR - Task failed with exception
Traceback (most recent call last):
  File "/home/airflow/.local/lib/python3.8/site-packages/airflow/models/taskinstance.py", line 433, in _execute_task
    result = execute_callable(context=context, **execute_callable_kwargs)
  File "/home/airflow/.local/lib/python3.8/site-packages/airflow/providers/google/cloud/operators/bigquery.py", line 2864, in execute
    job.result(timeout=self.result_timeout, retry=self.result_retry)
  File "/home/airflow/.local/lib/python3.8/site-packages/google/cloud/bigquery/job/query.py", line 1595, in result
    do_get_result()
  File "/home/airflow/.local/lib/python3.8/site-packages/google/cloud/bigquery/job/query.py", line 1584, in do_get_result
    super(QueryJob, self).result(retry=retry, timeout=timeout)
  File "/home/airflow/.local/lib/python3.8/site-packages/google/cloud/bigquery/job/base.py", line 971, in result
    return super(_AsyncJob, self).result(timeout=timeout, **kwargs)
  File "/home/airflow/.local/lib/python3.8/site-packages/google/api_core/future/polling.py", line 261, in result
    raise self._exception
google.api_core.exceptions.BadRequest: 400 No matching signature for function COALESCE
  Argument types: BOOL, STRING
  Signature: COALESCE([T1, ...])
    Unable to find common supertype for templated argument <T1>
      Input types for <T1>: {BOOL, STRING} at [17:5]; reason: invalidQuery, location: query, message: No matching signature for function COALESCE
  Argument types: BOOL, STRING
  Signature: COALESCE([T1, ...])
    Unable to find common supertype for templated argument <T1>
      Input types for <T1>: {BOOL, STRING} at [17:5]

Location: europe-west1
Job ID: airflow_ecommerce_etl_silver_orders_2026_02_06T00_00_00_00_00_06342797ce79c50206b7992aee61208d

[2026-02-07T17:59:37.100+0000] {taskinstance.py:1138} INFO - Marking task as UP_FOR_RETRY. dag_id=ecommerce_etl, task_id=silver_orders, execution_date=20260206T000000, start_date=20260207T175936, end_date=20260207T175937
[2026-02-07T17:59:37.108+0000] {standard_task_runner.py:107} ERROR - Failed to execute job 160 for task silver_orders (400 No matching signature for function COALESCE
  Argument types: BOOL, STRING
  Signature: COALESCE([T1, ...])
    Unable to find common supertype for templated argument <T1>
      Input types for <T1>: {BOOL, STRING} at [17:5]; reason: invalidQuery, location: query, message: No matching signature for function COALESCE
  Argument types: BOOL, STRING
  Signature: COALESCE([T1, ...])
    Unable to find common supertype for templated argument <T1>
      Input types for <T1>: {BOOL, STRING} at [17:5]

Location: europe-west1
Job ID: airflow_ecommerce_etl_silver_orders_2026_02_06T00_00_00_00_00_06342797ce79c50206b7992aee61208d
; 8035)
[2026-02-07T17:59:37.121+0000] {local_task_job_runner.py:234} INFO - Task exited with return code 1
[2026-02-07T17:59:37.132+0000] {taskinstance.py:3280} INFO - 0 downstream tasks scheduled from follow-on schedule check
