[2026-02-07T12:34:03.267+0000] {taskinstance.py:1956} INFO - Dependencies all met for dep_context=non-requeueable deps ti=<TaskInstance: ecommerce_etl.dynamic_task_creator manual__2026-02-07T12:30:44.795591+00:00 [queued]>
[2026-02-07T12:34:03.271+0000] {taskinstance.py:1956} INFO - Dependencies all met for dep_context=requeueable deps ti=<TaskInstance: ecommerce_etl.dynamic_task_creator manual__2026-02-07T12:30:44.795591+00:00 [queued]>
[2026-02-07T12:34:03.271+0000] {taskinstance.py:2170} INFO - Starting attempt 1 of 2
[2026-02-07T12:34:03.276+0000] {taskinstance.py:2191} INFO - Executing <Task(PythonOperator): dynamic_task_creator> on 2026-02-07 12:30:44.795591+00:00
[2026-02-07T12:34:03.279+0000] {standard_task_runner.py:60} INFO - Started process 531 to run task
[2026-02-07T12:34:03.281+0000] {standard_task_runner.py:87} INFO - Running: ['***', 'tasks', 'run', 'ecommerce_etl', 'dynamic_task_creator', 'manual__2026-02-07T12:30:44.795591+00:00', '--job-id', '73', '--raw', '--subdir', 'DAGS_FOLDER/etl_dag.py', '--cfg-path', '/tmp/tmpmc9vsayw']
[2026-02-07T12:34:03.283+0000] {standard_task_runner.py:88} INFO - Job 73: Subtask dynamic_task_creator
[2026-02-07T12:34:03.302+0000] {task_command.py:423} INFO - Running <TaskInstance: ecommerce_etl.dynamic_task_creator manual__2026-02-07T12:30:44.795591+00:00 [running]> on host afa94c4dd14b
[2026-02-07T12:34:03.335+0000] {taskinstance.py:2480} INFO - Exporting env vars: AIRFLOW_CTX_DAG_OWNER='***' AIRFLOW_CTX_DAG_ID='ecommerce_etl' AIRFLOW_CTX_TASK_ID='dynamic_task_creator' AIRFLOW_CTX_EXECUTION_DATE='2026-02-07T12:30:44.795591+00:00' AIRFLOW_CTX_TRY_NUMBER='1' AIRFLOW_CTX_DAG_RUN_ID='manual__2026-02-07T12:30:44.795591+00:00'
[2026-02-07T12:34:03.341+0000] {logging_mixin.py:188} INFO - LOOKING FOR SQL FILES IN: /opt/***/sql/bronze
[2026-02-07T12:34:03.341+0000] {logging_mixin.py:188} INFO - CONTENTS: ['users.sql', 'products.sql', 'orders.sql', 'inventory_items.sql', 'order_items.sql', 'distribution_centers.sql', 'events.sql']
[2026-02-07T12:34:03.342+0000] {logging_mixin.py:188} INFO - LOOKING FOR SQL FILES IN: /opt/***/sql/bronze
[2026-02-07T12:34:03.343+0000] {logging_mixin.py:188} INFO - CONTENTS: ['users.sql', 'products.sql', 'orders.sql', 'inventory_items.sql', 'order_items.sql', 'distribution_centers.sql', 'events.sql']
[2026-02-07T12:34:03.343+0000] {logging_mixin.py:188} INFO - LOOKING FOR SQL FILES IN: /opt/***/sql/bronze
[2026-02-07T12:34:03.344+0000] {logging_mixin.py:188} INFO - CONTENTS: ['users.sql', 'products.sql', 'orders.sql', 'inventory_items.sql', 'order_items.sql', 'distribution_centers.sql', 'events.sql']
[2026-02-07T12:34:03.344+0000] {logging_mixin.py:188} INFO - LOOKING FOR SQL FILES IN: /opt/***/sql/bronze
[2026-02-07T12:34:03.345+0000] {logging_mixin.py:188} INFO - CONTENTS: ['users.sql', 'products.sql', 'orders.sql', 'inventory_items.sql', 'order_items.sql', 'distribution_centers.sql', 'events.sql']
[2026-02-07T12:34:03.345+0000] {logging_mixin.py:188} INFO - LOOKING FOR SQL FILES IN: /opt/***/sql/bronze
[2026-02-07T12:34:03.346+0000] {logging_mixin.py:188} INFO - CONTENTS: ['users.sql', 'products.sql', 'orders.sql', 'inventory_items.sql', 'order_items.sql', 'distribution_centers.sql', 'events.sql']
[2026-02-07T12:34:03.346+0000] {logging_mixin.py:188} INFO - LOOKING FOR SQL FILES IN: /opt/***/sql/bronze
[2026-02-07T12:34:03.346+0000] {logging_mixin.py:188} INFO - CONTENTS: ['users.sql', 'products.sql', 'orders.sql', 'inventory_items.sql', 'order_items.sql', 'distribution_centers.sql', 'events.sql']
[2026-02-07T12:34:03.347+0000] {logging_mixin.py:188} INFO - LOOKING FOR SQL FILES IN: /opt/***/sql/bronze
[2026-02-07T12:34:03.347+0000] {logging_mixin.py:188} INFO - CONTENTS: ['users.sql', 'products.sql', 'orders.sql', 'inventory_items.sql', 'order_items.sql', 'distribution_centers.sql', 'events.sql']
[2026-02-07T12:34:03.348+0000] {python.py:201} INFO - Done. Returned value was: None
[2026-02-07T12:34:03.351+0000] {taskinstance.py:1138} INFO - Marking task as SUCCESS. dag_id=ecommerce_etl, task_id=dynamic_task_creator, execution_date=20260207T123044, start_date=20260207T123403, end_date=20260207T123403
[2026-02-07T12:34:03.380+0000] {local_task_job_runner.py:234} INFO - Task exited with return code 0
[2026-02-07T12:34:03.388+0000] {taskinstance.py:3280} INFO - 0 downstream tasks scheduled from follow-on schedule check
