[2026-02-05T18:26:49.411+0000] {taskinstance.py:1956} INFO - Dependencies all met for dep_context=non-requeueable deps ti=<TaskInstance: ecommerce_etl.extract manual__2026-02-05T18:26:48.352548+00:00 [queued]>
[2026-02-05T18:26:49.415+0000] {taskinstance.py:1956} INFO - Dependencies all met for dep_context=requeueable deps ti=<TaskInstance: ecommerce_etl.extract manual__2026-02-05T18:26:48.352548+00:00 [queued]>
[2026-02-05T18:26:49.415+0000] {taskinstance.py:2170} INFO - Starting attempt 1 of 2
[2026-02-05T18:26:49.420+0000] {taskinstance.py:2191} INFO - Executing <Task(PythonOperator): extract> on 2026-02-05 18:26:48.352548+00:00
[2026-02-05T18:26:49.422+0000] {standard_task_runner.py:60} INFO - Started process 258 to run task
[2026-02-05T18:26:49.424+0000] {standard_task_runner.py:87} INFO - Running: ['***', 'tasks', 'run', 'ecommerce_etl', 'extract', 'manual__2026-02-05T18:26:48.352548+00:00', '--job-id', '2', '--raw', '--subdir', 'DAGS_FOLDER/etl_dag.py', '--cfg-path', '/tmp/tmp8itruah2']
[2026-02-05T18:26:49.425+0000] {standard_task_runner.py:88} INFO - Job 2: Subtask extract
[2026-02-05T18:26:49.446+0000] {task_command.py:423} INFO - Running <TaskInstance: ecommerce_etl.extract manual__2026-02-05T18:26:48.352548+00:00 [running]> on host 1a341b7c228d
[2026-02-05T18:26:49.482+0000] {taskinstance.py:2480} INFO - Exporting env vars: AIRFLOW_CTX_DAG_OWNER='***' AIRFLOW_CTX_DAG_ID='ecommerce_etl' AIRFLOW_CTX_TASK_ID='extract' AIRFLOW_CTX_EXECUTION_DATE='2026-02-05T18:26:48.352548+00:00' AIRFLOW_CTX_TRY_NUMBER='1' AIRFLOW_CTX_DAG_RUN_ID='manual__2026-02-05T18:26:48.352548+00:00'
[2026-02-05T18:26:49.488+0000] {taskinstance.py:2698} ERROR - Task failed with exception
Traceback (most recent call last):
  File "/home/airflow/.local/lib/python3.8/site-packages/airflow/models/taskinstance.py", line 433, in _execute_task
    result = execute_callable(context=context, **execute_callable_kwargs)
  File "/home/airflow/.local/lib/python3.8/site-packages/airflow/operators/python.py", line 199, in execute
    return_value = self.execute_callable()
  File "/home/airflow/.local/lib/python3.8/site-packages/airflow/operators/python.py", line 216, in execute_callable
    return self.python_callable(*self.op_args, **self.op_kwargs)
  File "/opt/airflow/src/extract.py", line 22, in extract_data
    raise ValueError(
ValueError: Kaggle credentials missing. Set 'kaggle_username' and 'kaggle_key' in Airflow Variables.
[2026-02-05T18:26:49.491+0000] {taskinstance.py:1138} INFO - Marking task as UP_FOR_RETRY. dag_id=ecommerce_etl, task_id=extract, execution_date=20260205T182648, start_date=20260205T182649, end_date=20260205T182649
[2026-02-05T18:26:49.496+0000] {standard_task_runner.py:107} ERROR - Failed to execute job 2 for task extract (Kaggle credentials missing. Set 'kaggle_username' and 'kaggle_key' in Airflow Variables.; 258)
[2026-02-05T18:26:49.525+0000] {local_task_job_runner.py:234} INFO - Task exited with return code 1
[2026-02-05T18:26:49.534+0000] {taskinstance.py:3280} INFO - 0 downstream tasks scheduled from follow-on schedule check
