[2026-02-07T12:24:02.881+0000] {taskinstance.py:1956} INFO - Dependencies all met for dep_context=non-requeueable deps ti=<TaskInstance: ecommerce_etl.dynamic_task_creator scheduled__2026-02-06T00:00:00+00:00 [queued]>
[2026-02-07T12:24:02.885+0000] {taskinstance.py:1956} INFO - Dependencies all met for dep_context=requeueable deps ti=<TaskInstance: ecommerce_etl.dynamic_task_creator scheduled__2026-02-06T00:00:00+00:00 [queued]>
[2026-02-07T12:24:02.885+0000] {taskinstance.py:2170} INFO - Starting attempt 1 of 2
[2026-02-07T12:24:02.890+0000] {taskinstance.py:2191} INFO - Executing <Task(PythonOperator): dynamic_task_creator> on 2026-02-06 00:00:00+00:00
[2026-02-07T12:24:02.893+0000] {standard_task_runner.py:60} INFO - Started process 623 to run task
[2026-02-07T12:24:02.895+0000] {standard_task_runner.py:87} INFO - Running: ['***', 'tasks', 'run', 'ecommerce_etl', 'dynamic_task_creator', 'scheduled__2026-02-06T00:00:00+00:00', '--job-id', '68', '--raw', '--subdir', 'DAGS_FOLDER/etl_dag.py', '--cfg-path', '/tmp/tmp3j55tbha']
[2026-02-07T12:24:02.897+0000] {standard_task_runner.py:88} INFO - Job 68: Subtask dynamic_task_creator
[2026-02-07T12:24:02.917+0000] {task_command.py:423} INFO - Running <TaskInstance: ecommerce_etl.dynamic_task_creator scheduled__2026-02-06T00:00:00+00:00 [running]> on host 250d84862194
[2026-02-07T12:24:02.952+0000] {taskinstance.py:2480} INFO - Exporting env vars: AIRFLOW_CTX_DAG_OWNER='***' AIRFLOW_CTX_DAG_ID='ecommerce_etl' AIRFLOW_CTX_TASK_ID='dynamic_task_creator' AIRFLOW_CTX_EXECUTION_DATE='2026-02-06T00:00:00+00:00' AIRFLOW_CTX_TRY_NUMBER='1' AIRFLOW_CTX_DAG_RUN_ID='scheduled__2026-02-06T00:00:00+00:00'
[2026-02-07T12:24:02.958+0000] {logging_mixin.py:188} INFO - LOOKING FOR SQL FILES IN: /opt/***/dags/sql/bronze
[2026-02-07T12:24:02.959+0000] {taskinstance.py:2698} ERROR - Task failed with exception
Traceback (most recent call last):
  File "/home/airflow/.local/lib/python3.8/site-packages/airflow/models/taskinstance.py", line 433, in _execute_task
    result = execute_callable(context=context, **execute_callable_kwargs)
  File "/home/airflow/.local/lib/python3.8/site-packages/airflow/operators/python.py", line 199, in execute
    return_value = self.execute_callable()
  File "/home/airflow/.local/lib/python3.8/site-packages/airflow/operators/python.py", line 216, in execute_callable
    return self.python_callable(*self.op_args, **self.op_kwargs)
  File "/opt/airflow/dags/etl_dag.py", line 128, in create_dynamic_tasks
    print("CONTENTS:", os.listdir(SQL_BASE_PATH))
FileNotFoundError: [Errno 2] No such file or directory: '/opt/airflow/dags/sql/bronze'
[2026-02-07T12:24:02.962+0000] {taskinstance.py:1138} INFO - Marking task as UP_FOR_RETRY. dag_id=ecommerce_etl, task_id=dynamic_task_creator, execution_date=20260206T000000, start_date=20260207T122402, end_date=20260207T122402
[2026-02-07T12:24:02.968+0000] {standard_task_runner.py:107} ERROR - Failed to execute job 68 for task dynamic_task_creator ([Errno 2] No such file or directory: '/opt/airflow/dags/sql/bronze'; 623)
[2026-02-07T12:24:02.993+0000] {local_task_job_runner.py:234} INFO - Task exited with return code 1
[2026-02-07T12:24:03.002+0000] {taskinstance.py:3280} INFO - 0 downstream tasks scheduled from follow-on schedule check
[2026-02-07T12:47:35.598+0000] {taskinstance.py:1956} INFO - Dependencies all met for dep_context=non-requeueable deps ti=<TaskInstance: ecommerce_etl.dynamic_task_creator scheduled__2026-02-06T00:00:00+00:00 [queued]>
[2026-02-07T12:47:35.602+0000] {taskinstance.py:1956} INFO - Dependencies all met for dep_context=requeueable deps ti=<TaskInstance: ecommerce_etl.dynamic_task_creator scheduled__2026-02-06T00:00:00+00:00 [queued]>
[2026-02-07T12:47:35.602+0000] {taskinstance.py:2170} INFO - Starting attempt 1 of 2
[2026-02-07T12:47:35.609+0000] {taskinstance.py:2191} INFO - Executing <Task(PythonOperator): dynamic_task_creator> on 2026-02-06 00:00:00+00:00
[2026-02-07T12:47:35.612+0000] {standard_task_runner.py:60} INFO - Started process 531 to run task
[2026-02-07T12:47:35.614+0000] {standard_task_runner.py:87} INFO - Running: ['***', 'tasks', 'run', 'ecommerce_etl', 'dynamic_task_creator', 'scheduled__2026-02-06T00:00:00+00:00', '--job-id', '79', '--raw', '--subdir', 'DAGS_FOLDER/etl_dag.py', '--cfg-path', '/tmp/tmpcefxujl9']
[2026-02-07T12:47:35.616+0000] {standard_task_runner.py:88} INFO - Job 79: Subtask dynamic_task_creator
[2026-02-07T12:47:35.641+0000] {task_command.py:423} INFO - Running <TaskInstance: ecommerce_etl.dynamic_task_creator scheduled__2026-02-06T00:00:00+00:00 [running]> on host 1f74174bf145
[2026-02-07T12:47:35.681+0000] {taskinstance.py:2480} INFO - Exporting env vars: AIRFLOW_CTX_DAG_OWNER='***' AIRFLOW_CTX_DAG_ID='ecommerce_etl' AIRFLOW_CTX_TASK_ID='dynamic_task_creator' AIRFLOW_CTX_EXECUTION_DATE='2026-02-06T00:00:00+00:00' AIRFLOW_CTX_TRY_NUMBER='1' AIRFLOW_CTX_DAG_RUN_ID='scheduled__2026-02-06T00:00:00+00:00'
[2026-02-07T12:47:35.688+0000] {logging_mixin.py:188} INFO - LOOKING FOR SQL FILES IN: /opt/***/sql/bronze
[2026-02-07T12:47:35.690+0000] {logging_mixin.py:188} INFO - CONTENTS: ['users.sql', 'products.sql', 'orders.sql', 'inventory_items.sql', 'order_items.sql', 'distribution_centers.sql', 'events.sql']
[2026-02-07T12:47:35.691+0000] {logging_mixin.py:188} INFO - LOOKING FOR SQL FILES IN: /opt/***/sql/bronze
[2026-02-07T12:47:35.691+0000] {logging_mixin.py:188} INFO - CONTENTS: ['users.sql', 'products.sql', 'orders.sql', 'inventory_items.sql', 'order_items.sql', 'distribution_centers.sql', 'events.sql']
[2026-02-07T12:47:35.692+0000] {logging_mixin.py:188} INFO - LOOKING FOR SQL FILES IN: /opt/***/sql/bronze
[2026-02-07T12:47:35.692+0000] {logging_mixin.py:188} INFO - CONTENTS: ['users.sql', 'products.sql', 'orders.sql', 'inventory_items.sql', 'order_items.sql', 'distribution_centers.sql', 'events.sql']
[2026-02-07T12:47:35.693+0000] {logging_mixin.py:188} INFO - LOOKING FOR SQL FILES IN: /opt/***/sql/bronze
[2026-02-07T12:47:35.693+0000] {logging_mixin.py:188} INFO - CONTENTS: ['users.sql', 'products.sql', 'orders.sql', 'inventory_items.sql', 'order_items.sql', 'distribution_centers.sql', 'events.sql']
[2026-02-07T12:47:35.694+0000] {logging_mixin.py:188} INFO - LOOKING FOR SQL FILES IN: /opt/***/sql/bronze
[2026-02-07T12:47:35.695+0000] {logging_mixin.py:188} INFO - CONTENTS: ['users.sql', 'products.sql', 'orders.sql', 'inventory_items.sql', 'order_items.sql', 'distribution_centers.sql', 'events.sql']
[2026-02-07T12:47:35.696+0000] {logging_mixin.py:188} INFO - LOOKING FOR SQL FILES IN: /opt/***/sql/bronze
[2026-02-07T12:47:35.696+0000] {logging_mixin.py:188} INFO - CONTENTS: ['users.sql', 'products.sql', 'orders.sql', 'inventory_items.sql', 'order_items.sql', 'distribution_centers.sql', 'events.sql']
[2026-02-07T12:47:35.696+0000] {logging_mixin.py:188} INFO - LOOKING FOR SQL FILES IN: /opt/***/sql/bronze
[2026-02-07T12:47:35.697+0000] {logging_mixin.py:188} INFO - CONTENTS: ['users.sql', 'products.sql', 'orders.sql', 'inventory_items.sql', 'order_items.sql', 'distribution_centers.sql', 'events.sql']
[2026-02-07T12:47:35.698+0000] {python.py:201} INFO - Done. Returned value was: None
[2026-02-07T12:47:35.703+0000] {taskinstance.py:1138} INFO - Marking task as SUCCESS. dag_id=ecommerce_etl, task_id=dynamic_task_creator, execution_date=20260206T000000, start_date=20260207T124735, end_date=20260207T124735
[2026-02-07T12:47:35.712+0000] {local_task_job_runner.py:234} INFO - Task exited with return code 0
[2026-02-07T12:47:35.722+0000] {taskinstance.py:3280} INFO - 0 downstream tasks scheduled from follow-on schedule check
