[2026-02-07T12:29:03.694+0000] {taskinstance.py:1956} INFO - Dependencies all met for dep_context=non-requeueable deps ti=<TaskInstance: ecommerce_etl.dynamic_task_creator scheduled__2026-02-06T00:00:00+00:00 [queued]>
[2026-02-07T12:29:03.699+0000] {taskinstance.py:1956} INFO - Dependencies all met for dep_context=requeueable deps ti=<TaskInstance: ecommerce_etl.dynamic_task_creator scheduled__2026-02-06T00:00:00+00:00 [queued]>
[2026-02-07T12:29:03.699+0000] {taskinstance.py:2170} INFO - Starting attempt 2 of 2
[2026-02-07T12:29:03.705+0000] {taskinstance.py:2191} INFO - Executing <Task(PythonOperator): dynamic_task_creator> on 2026-02-06 00:00:00+00:00
[2026-02-07T12:29:03.709+0000] {standard_task_runner.py:60} INFO - Started process 962 to run task
[2026-02-07T12:29:03.711+0000] {standard_task_runner.py:87} INFO - Running: ['***', 'tasks', 'run', 'ecommerce_etl', 'dynamic_task_creator', 'scheduled__2026-02-06T00:00:00+00:00', '--job-id', '69', '--raw', '--subdir', 'DAGS_FOLDER/etl_dag.py', '--cfg-path', '/tmp/tmp8bmz36q1']
[2026-02-07T12:29:03.713+0000] {standard_task_runner.py:88} INFO - Job 69: Subtask dynamic_task_creator
[2026-02-07T12:29:03.738+0000] {task_command.py:423} INFO - Running <TaskInstance: ecommerce_etl.dynamic_task_creator scheduled__2026-02-06T00:00:00+00:00 [running]> on host 250d84862194
[2026-02-07T12:29:03.780+0000] {taskinstance.py:2480} INFO - Exporting env vars: AIRFLOW_CTX_DAG_OWNER='***' AIRFLOW_CTX_DAG_ID='ecommerce_etl' AIRFLOW_CTX_TASK_ID='dynamic_task_creator' AIRFLOW_CTX_EXECUTION_DATE='2026-02-06T00:00:00+00:00' AIRFLOW_CTX_TRY_NUMBER='2' AIRFLOW_CTX_DAG_RUN_ID='scheduled__2026-02-06T00:00:00+00:00'
[2026-02-07T12:29:03.786+0000] {logging_mixin.py:188} INFO - LOOKING FOR SQL FILES IN: /opt/***/dags/sql/bronze
[2026-02-07T12:29:03.787+0000] {taskinstance.py:2698} ERROR - Task failed with exception
Traceback (most recent call last):
  File "/home/airflow/.local/lib/python3.8/site-packages/airflow/models/taskinstance.py", line 433, in _execute_task
    result = execute_callable(context=context, **execute_callable_kwargs)
  File "/home/airflow/.local/lib/python3.8/site-packages/airflow/operators/python.py", line 199, in execute
    return_value = self.execute_callable()
  File "/home/airflow/.local/lib/python3.8/site-packages/airflow/operators/python.py", line 216, in execute_callable
    return self.python_callable(*self.op_args, **self.op_kwargs)
  File "/opt/airflow/dags/etl_dag.py", line 128, in create_dynamic_tasks
    print("CONTENTS:", os.listdir(SQL_BASE_PATH))
FileNotFoundError: [Errno 2] No such file or directory: '/opt/airflow/dags/sql/bronze'
[2026-02-07T12:29:03.791+0000] {taskinstance.py:1138} INFO - Marking task as FAILED. dag_id=ecommerce_etl, task_id=dynamic_task_creator, execution_date=20260206T000000, start_date=20260207T122903, end_date=20260207T122903
[2026-02-07T12:29:03.797+0000] {standard_task_runner.py:107} ERROR - Failed to execute job 69 for task dynamic_task_creator ([Errno 2] No such file or directory: '/opt/airflow/dags/sql/bronze'; 962)
[2026-02-07T12:29:03.810+0000] {local_task_job_runner.py:234} INFO - Task exited with return code 1
[2026-02-07T12:29:03.820+0000] {taskinstance.py:3280} INFO - 0 downstream tasks scheduled from follow-on schedule check
