[2026-02-07T14:47:41.805+0000] {taskinstance.py:1956} INFO - Dependencies all met for dep_context=non-requeueable deps ti=<TaskInstance: ecommerce_etl.create_external_products scheduled__2026-02-06T00:00:00+00:00 [queued]>
[2026-02-07T14:47:41.810+0000] {taskinstance.py:1956} INFO - Dependencies all met for dep_context=requeueable deps ti=<TaskInstance: ecommerce_etl.create_external_products scheduled__2026-02-06T00:00:00+00:00 [queued]>
[2026-02-07T14:47:41.810+0000] {taskinstance.py:2170} INFO - Starting attempt 1 of 2
[2026-02-07T14:47:41.818+0000] {taskinstance.py:2191} INFO - Executing <Task(BigQueryCreateExternalTableOperator): create_external_products> on 2026-02-06 00:00:00+00:00
[2026-02-07T14:47:41.823+0000] {standard_task_runner.py:60} INFO - Started process 618 to run task
[2026-02-07T14:47:41.827+0000] {standard_task_runner.py:87} INFO - Running: ['***', 'tasks', 'run', 'ecommerce_etl', 'create_external_products', 'scheduled__2026-02-06T00:00:00+00:00', '--job-id', '113', '--raw', '--subdir', 'DAGS_FOLDER/etl_dag.py', '--cfg-path', '/tmp/tmpt1tsraq4']
[2026-02-07T14:47:41.831+0000] {standard_task_runner.py:88} INFO - Job 113: Subtask create_external_products
[2026-02-07T14:47:41.875+0000] {task_command.py:423} INFO - Running <TaskInstance: ecommerce_etl.create_external_products scheduled__2026-02-06T00:00:00+00:00 [running]> on host 1d9eed85a9d4
[2026-02-07T14:47:41.927+0000] {taskinstance.py:2480} INFO - Exporting env vars: AIRFLOW_CTX_DAG_OWNER='***' AIRFLOW_CTX_DAG_ID='ecommerce_etl' AIRFLOW_CTX_TASK_ID='create_external_products' AIRFLOW_CTX_EXECUTION_DATE='2026-02-06T00:00:00+00:00' AIRFLOW_CTX_TRY_NUMBER='1' AIRFLOW_CTX_DAG_RUN_ID='scheduled__2026-02-06T00:00:00+00:00'
[2026-02-07T14:47:41.932+0000] {connection.py:234} WARNING - Connection schemes (type: google_cloud_platform) shall not contain '_' according to RFC3986.
[2026-02-07T14:47:41.933+0000] {base.py:83} INFO - Using connection ID 'google_cloud_default' for task execution.
[2026-02-07T14:47:41.933+0000] {credentials_provider.py:353} INFO - Getting connection using `google.auth.default()` since no explicit credentials are provided.
[2026-02-07T14:47:42.589+0000] {taskinstance.py:2698} ERROR - Task failed with exception
Traceback (most recent call last):
  File "/home/airflow/.local/lib/python3.8/site-packages/airflow/models/taskinstance.py", line 433, in _execute_task
    result = execute_callable(context=context, **execute_callable_kwargs)
  File "/home/airflow/.local/lib/python3.8/site-packages/airflow/providers/google/cloud/operators/bigquery.py", line 1779, in execute
    table = bq_hook.create_empty_table(
  File "/home/airflow/.local/lib/python3.8/site-packages/airflow/providers/google/common/hooks/base_google.py", line 477, in inner_wrapper
    return func(self, *args, **kwargs)
  File "/home/airflow/.local/lib/python3.8/site-packages/airflow/providers/google/cloud/hooks/bigquery.py", line 421, in create_empty_table
    return self.get_client(project_id=project_id, location=location).create_table(
  File "/home/airflow/.local/lib/python3.8/site-packages/google/cloud/bigquery/client.py", line 784, in create_table
    api_response = self._call_api(
  File "/home/airflow/.local/lib/python3.8/site-packages/google/cloud/bigquery/client.py", line 818, in _call_api
    return call()
  File "/home/airflow/.local/lib/python3.8/site-packages/google/api_core/retry.py", line 372, in retry_wrapped_func
    return retry_target(
  File "/home/airflow/.local/lib/python3.8/site-packages/google/api_core/retry.py", line 207, in retry_target
    result = target()
  File "/home/airflow/.local/lib/python3.8/site-packages/google/cloud/_http/__init__.py", line 494, in api_request
    raise exceptions.from_http_response(response)
google.api_core.exceptions.NotFound: 404 POST https://bigquery.googleapis.com/bigquery/v2/projects/prism-486509/datasets/bronze/tables?prettyPrint=false: Not found: Dataset prism-486509:bronze
[2026-02-07T14:47:42.603+0000] {taskinstance.py:1138} INFO - Marking task as UP_FOR_RETRY. dag_id=ecommerce_etl, task_id=create_external_products, execution_date=20260206T000000, start_date=20260207T144741, end_date=20260207T144742
[2026-02-07T14:47:42.615+0000] {standard_task_runner.py:107} ERROR - Failed to execute job 113 for task create_external_products (404 POST https://bigquery.googleapis.com/bigquery/v2/projects/prism-486509/datasets/bronze/tables?prettyPrint=false: Not found: Dataset prism-486509:bronze; 618)
[2026-02-07T14:47:42.641+0000] {local_task_job_runner.py:234} INFO - Task exited with return code 1
[2026-02-07T14:47:42.660+0000] {taskinstance.py:3280} INFO - 0 downstream tasks scheduled from follow-on schedule check
