[2026-02-07T13:14:43.811+0000] {taskinstance.py:1956} INFO - Dependencies all met for dep_context=non-requeueable deps ti=<TaskInstance: ecommerce_etl.process_order_items_3.create_ext_order_items manual__2026-02-07T12:49:01.289323+00:00 [queued]>
[2026-02-07T13:14:43.834+0000] {taskinstance.py:1956} INFO - Dependencies all met for dep_context=requeueable deps ti=<TaskInstance: ecommerce_etl.process_order_items_3.create_ext_order_items manual__2026-02-07T12:49:01.289323+00:00 [queued]>
[2026-02-07T13:14:43.836+0000] {taskinstance.py:2170} INFO - Starting attempt 1 of 2
[2026-02-07T13:14:43.852+0000] {taskinstance.py:2191} INFO - Executing <Task(BigQueryInsertJobOperator): process_order_items_3.create_ext_order_items> on 2026-02-07 12:49:01.289323+00:00
[2026-02-07T13:14:43.857+0000] {standard_task_runner.py:60} INFO - Started process 8118 to run task
[2026-02-07T13:14:43.860+0000] {standard_task_runner.py:87} INFO - Running: ['***', 'tasks', 'run', 'ecommerce_etl', 'process_order_items_3.create_ext_order_items', 'manual__2026-02-07T12:49:01.289323+00:00', '--job-id', '83', '--raw', '--subdir', 'DAGS_FOLDER/etl_dag.py', '--cfg-path', '/tmp/tmp113xqjqk']
[2026-02-07T13:14:43.861+0000] {standard_task_runner.py:88} INFO - Job 83: Subtask process_order_items_3.create_ext_order_items
[2026-02-07T13:14:43.897+0000] {task_command.py:423} INFO - Running <TaskInstance: ecommerce_etl.process_order_items_3.create_ext_order_items manual__2026-02-07T12:49:01.289323+00:00 [running]> on host 1f74174bf145
[2026-02-07T13:14:43.955+0000] {taskinstance.py:2480} INFO - Exporting env vars: AIRFLOW_CTX_DAG_OWNER='***' AIRFLOW_CTX_DAG_ID='ecommerce_etl' AIRFLOW_CTX_TASK_ID='process_order_items_3.create_ext_order_items' AIRFLOW_CTX_EXECUTION_DATE='2026-02-07T12:49:01.289323+00:00' AIRFLOW_CTX_TRY_NUMBER='1' AIRFLOW_CTX_DAG_RUN_ID='manual__2026-02-07T12:49:01.289323+00:00'
[2026-02-07T13:14:43.963+0000] {connection.py:234} WARNING - Connection schemes (type: google_cloud_platform) shall not contain '_' according to RFC3986.
[2026-02-07T13:14:43.964+0000] {base.py:83} INFO - Using connection ID 'google_cloud_default' for task execution.
[2026-02-07T13:14:43.965+0000] {credentials_provider.py:353} INFO - Getting connection using `google.auth.default()` since no explicit credentials are provided.
[2026-02-07T13:14:44.040+0000] {bigquery.py:2807} INFO - Executing: {'query': {'query': "\n                        CREATE OR REPLACE EXTERNAL TABLE `prism-486509.ecom_dataset.order_items_ext`\n                        OPTIONS(\n                            format='CSV',\n                            uris=['gs://bronze-data-ecom/2026/02/06/order_items.csv'],\n                            skip_leading_rows=1\n                        );\n                    ", 'useLegacySql': False}}'
[2026-02-07T13:14:44.044+0000] {bigquery.py:1596} INFO - Inserting job ***_ecommerce_etl_process_order_items_3_create_ext_order_items_2026_02_07T12_49_01_289323_00_00_ca2228a10a2c16ebb7e43808da13f436
[2026-02-07T13:14:45.904+0000] {taskinstance.py:2698} ERROR - Task failed with exception
Traceback (most recent call last):
  File "/home/airflow/.local/lib/python3.8/site-packages/airflow/models/taskinstance.py", line 433, in _execute_task
    result = execute_callable(context=context, **execute_callable_kwargs)
  File "/home/airflow/.local/lib/python3.8/site-packages/airflow/providers/google/cloud/operators/bigquery.py", line 2864, in execute
    job.result(timeout=self.result_timeout, retry=self.result_retry)
  File "/home/airflow/.local/lib/python3.8/site-packages/google/cloud/bigquery/job/query.py", line 1595, in result
    do_get_result()
  File "/home/airflow/.local/lib/python3.8/site-packages/google/cloud/bigquery/job/query.py", line 1584, in do_get_result
    super(QueryJob, self).result(retry=retry, timeout=timeout)
  File "/home/airflow/.local/lib/python3.8/site-packages/google/cloud/bigquery/job/base.py", line 971, in result
    return super(_AsyncJob, self).result(timeout=timeout, **kwargs)
  File "/home/airflow/.local/lib/python3.8/site-packages/google/api_core/future/polling.py", line 261, in result
    raise self._exception
google.api_core.exceptions.Conflict: 409 Already Exists: Table prism-486509:ecom_dataset.order_items_ext; reason: duplicate, message: Already Exists: Table prism-486509:ecom_dataset.order_items_ext

Location: europe-west1
Job ID: airflow_ecommerce_etl_process_order_items_3_create_ext_order_items_2026_02_07T12_49_01_289323_00_00_ca2228a10a2c16ebb7e43808da13f436

[2026-02-07T13:14:45.910+0000] {taskinstance.py:1138} INFO - Marking task as UP_FOR_RETRY. dag_id=ecommerce_etl, task_id=process_order_items_3.create_ext_order_items, execution_date=20260207T124901, start_date=20260207T131443, end_date=20260207T131445
[2026-02-07T13:14:45.919+0000] {standard_task_runner.py:107} ERROR - Failed to execute job 83 for task process_order_items_3.create_ext_order_items (409 Already Exists: Table prism-486509:ecom_dataset.order_items_ext; reason: duplicate, message: Already Exists: Table prism-486509:ecom_dataset.order_items_ext

Location: europe-west1
Job ID: airflow_ecommerce_etl_process_order_items_3_create_ext_order_items_2026_02_07T12_49_01_289323_00_00_ca2228a10a2c16ebb7e43808da13f436
; 8118)
[2026-02-07T13:14:45.945+0000] {local_task_job_runner.py:234} INFO - Task exited with return code 1
[2026-02-07T13:14:45.958+0000] {taskinstance.py:3280} INFO - 0 downstream tasks scheduled from follow-on schedule check
