[2026-02-07T15:46:57.113+0000] {taskinstance.py:1956} INFO - Dependencies all met for dep_context=non-requeueable deps ti=<TaskInstance: ecommerce_etl.silver_users scheduled__2026-02-06T00:00:00+00:00 [queued]>
[2026-02-07T15:46:57.118+0000] {taskinstance.py:1956} INFO - Dependencies all met for dep_context=requeueable deps ti=<TaskInstance: ecommerce_etl.silver_users scheduled__2026-02-06T00:00:00+00:00 [queued]>
[2026-02-07T15:46:57.118+0000] {taskinstance.py:2170} INFO - Starting attempt 1 of 2
[2026-02-07T15:46:57.124+0000] {taskinstance.py:2191} INFO - Executing <Task(BigQueryInsertJobOperator): silver_users> on 2026-02-06 00:00:00+00:00
[2026-02-07T15:46:57.127+0000] {standard_task_runner.py:60} INFO - Started process 5290 to run task
[2026-02-07T15:46:57.130+0000] {standard_task_runner.py:87} INFO - Running: ['***', 'tasks', 'run', 'ecommerce_etl', 'silver_users', 'scheduled__2026-02-06T00:00:00+00:00', '--job-id', '149', '--raw', '--subdir', 'DAGS_FOLDER/etl_dag.py', '--cfg-path', '/tmp/tmp8rxkt_4v']
[2026-02-07T15:46:57.131+0000] {standard_task_runner.py:88} INFO - Job 149: Subtask silver_users
[2026-02-07T15:46:57.157+0000] {task_command.py:423} INFO - Running <TaskInstance: ecommerce_etl.silver_users scheduled__2026-02-06T00:00:00+00:00 [running]> on host 1d9eed85a9d4
[2026-02-07T15:46:57.196+0000] {taskinstance.py:2480} INFO - Exporting env vars: AIRFLOW_CTX_DAG_OWNER='***' AIRFLOW_CTX_DAG_ID='ecommerce_etl' AIRFLOW_CTX_TASK_ID='silver_users' AIRFLOW_CTX_EXECUTION_DATE='2026-02-06T00:00:00+00:00' AIRFLOW_CTX_TRY_NUMBER='1' AIRFLOW_CTX_DAG_RUN_ID='scheduled__2026-02-06T00:00:00+00:00'
[2026-02-07T15:46:57.201+0000] {connection.py:234} WARNING - Connection schemes (type: google_cloud_platform) shall not contain '_' according to RFC3986.
[2026-02-07T15:46:57.201+0000] {base.py:83} INFO - Using connection ID 'google_cloud_default' for task execution.
[2026-02-07T15:46:57.201+0000] {credentials_provider.py:353} INFO - Getting connection using `google.auth.default()` since no explicit credentials are provided.
[2026-02-07T15:46:57.239+0000] {bigquery.py:2807} INFO - Executing: {'query': {'query': "CREATE OR REPLACE TABLE silver.users\nPARTITION BY DATE(signup_timestamp)\nAS\nWITH deduplicated_users AS (\n  SELECT\n    *,\n    ROW_NUMBER() OVER (\n      PARTITION BY id\n      ORDER BY SAFE_CAST(created_at AS TIMESTAMP) DESC\n    ) AS row_num\n  FROM bronze.ext_users\n)\n\nSELECT\n  -- Identifiers\n  SAFE_CAST(id AS INT64) AS user_id,\n\n  -- Name formatting\n  CONCAT(first_name, ' ', last_name) AS full_name,\n  LOWER(email) AS email_address,\n\n  -- Demographics\n  SAFE_CAST(age AS INT64) AS age,\n  CASE \n    WHEN SAFE_CAST(age AS INT64) < 18 THEN 'Under 18'\n    WHEN SAFE_CAST(age AS INT64) BETWEEN 18 AND 34 THEN '18-34'\n    WHEN SAFE_CAST(age AS INT64) BETWEEN 35 AND 54 THEN '35-54'\n    ELSE '55+'\n  END AS age_group,\n  COALESCE(gender, 'Not Specified') AS gender,\n\n  -- Address\n  COALESCE(city, 'Unknown City') AS city,\n  COALESCE(state, 'Unknown State') AS state,\n  country,\n  COALESCE(postal_code, 'N/A') AS zip_code,\n\n  -- Metadata\n  traffic_source,\n  SAFE_CAST(created_at AS TIMESTAMP) AS signup_timestamp,\n  CURRENT_TIMESTAMP() AS ingestion_ts,\n\n  -- Data quality\n  REGEXP_CONTAINS(email, r'@.+\\..+') AS is_valid_email_format\n\nFROM deduplicated_users\nWHERE row_num = 1;", 'useLegacySql': False, 'destinationTable': {'projectId': 'prism-486509', 'datasetId': 'silver', 'tableId': 'users'}, 'writeDisposition': 'WRITE_TRUNCATE'}}'
[2026-02-07T15:46:57.240+0000] {bigquery.py:1596} INFO - Inserting job ***_ecommerce_etl_silver_users_2026_02_06T00_00_00_00_00_2acb52acb2d36301bb0b6b12ee3ff891
[2026-02-07T15:46:57.589+0000] {taskinstance.py:2698} ERROR - Task failed with exception
Traceback (most recent call last):
  File "/home/airflow/.local/lib/python3.8/site-packages/airflow/models/taskinstance.py", line 433, in _execute_task
    result = execute_callable(context=context, **execute_callable_kwargs)
  File "/home/airflow/.local/lib/python3.8/site-packages/airflow/providers/google/cloud/operators/bigquery.py", line 2864, in execute
    job.result(timeout=self.result_timeout, retry=self.result_retry)
  File "/home/airflow/.local/lib/python3.8/site-packages/google/cloud/bigquery/job/query.py", line 1595, in result
    do_get_result()
  File "/home/airflow/.local/lib/python3.8/site-packages/google/cloud/bigquery/job/query.py", line 1584, in do_get_result
    super(QueryJob, self).result(retry=retry, timeout=timeout)
  File "/home/airflow/.local/lib/python3.8/site-packages/google/cloud/bigquery/job/base.py", line 971, in result
    return super(_AsyncJob, self).result(timeout=timeout, **kwargs)
  File "/home/airflow/.local/lib/python3.8/site-packages/google/api_core/future/polling.py", line 261, in result
    raise self._exception
google.api_core.exceptions.BadRequest: 400 Cannot set destination table in jobs with DDL statements; reason: invalidQuery, message: Cannot set destination table in jobs with DDL statements

Location: europe-west1
Job ID: airflow_ecommerce_etl_silver_users_2026_02_06T00_00_00_00_00_2acb52acb2d36301bb0b6b12ee3ff891

[2026-02-07T15:46:57.597+0000] {taskinstance.py:1138} INFO - Marking task as UP_FOR_RETRY. dag_id=ecommerce_etl, task_id=silver_users, execution_date=20260206T000000, start_date=20260207T154657, end_date=20260207T154657
[2026-02-07T15:46:57.604+0000] {standard_task_runner.py:107} ERROR - Failed to execute job 149 for task silver_users (400 Cannot set destination table in jobs with DDL statements; reason: invalidQuery, message: Cannot set destination table in jobs with DDL statements

Location: europe-west1
Job ID: airflow_ecommerce_etl_silver_users_2026_02_06T00_00_00_00_00_2acb52acb2d36301bb0b6b12ee3ff891
; 5290)
[2026-02-07T15:46:57.613+0000] {local_task_job_runner.py:234} INFO - Task exited with return code 1
[2026-02-07T15:46:57.623+0000] {taskinstance.py:3280} INFO - 0 downstream tasks scheduled from follow-on schedule check
