[2026-02-05T22:02:34.350+0000] {taskinstance.py:1956} INFO - Dependencies all met for dep_context=non-requeueable deps ti=<TaskInstance: ecommerce_etl_full.create_events_external_table manual__2026-02-05T21:49:21.244732+00:00 [queued]>
[2026-02-05T22:02:34.355+0000] {taskinstance.py:1956} INFO - Dependencies all met for dep_context=requeueable deps ti=<TaskInstance: ecommerce_etl_full.create_events_external_table manual__2026-02-05T21:49:21.244732+00:00 [queued]>
[2026-02-05T22:02:34.355+0000] {taskinstance.py:2170} INFO - Starting attempt 6 of 6
[2026-02-05T22:02:34.362+0000] {taskinstance.py:2191} INFO - Executing <Task(BigQueryInsertJobOperator): create_events_external_table> on 2026-02-05 21:49:21.244732+00:00
[2026-02-05T22:02:34.365+0000] {standard_task_runner.py:60} INFO - Started process 382 to run task
[2026-02-05T22:02:34.368+0000] {standard_task_runner.py:87} INFO - Running: ['***', 'tasks', 'run', 'ecommerce_etl_full', 'create_events_external_table', 'manual__2026-02-05T21:49:21.244732+00:00', '--job-id', '26', '--raw', '--subdir', 'DAGS_FOLDER/etl_dag.py', '--cfg-path', '/tmp/tmp1zdz8xhd']
[2026-02-05T22:02:34.369+0000] {standard_task_runner.py:88} INFO - Job 26: Subtask create_events_external_table
[2026-02-05T22:02:34.396+0000] {task_command.py:423} INFO - Running <TaskInstance: ecommerce_etl_full.create_events_external_table manual__2026-02-05T21:49:21.244732+00:00 [running]> on host 12c5c10e9611
[2026-02-05T22:02:34.431+0000] {taskinstance.py:2480} INFO - Exporting env vars: AIRFLOW_CTX_DAG_OWNER='***' AIRFLOW_CTX_DAG_ID='ecommerce_etl_full' AIRFLOW_CTX_TASK_ID='create_events_external_table' AIRFLOW_CTX_EXECUTION_DATE='2026-02-05T21:49:21.244732+00:00' AIRFLOW_CTX_TRY_NUMBER='6' AIRFLOW_CTX_DAG_RUN_ID='manual__2026-02-05T21:49:21.244732+00:00'
[2026-02-05T22:02:34.435+0000] {connection.py:234} WARNING - Connection schemes (type: google_cloud_platform) shall not contain '_' according to RFC3986.
[2026-02-05T22:02:34.435+0000] {base.py:83} INFO - Using connection ID 'google_cloud_default' for task execution.
[2026-02-05T22:02:34.436+0000] {credentials_provider.py:353} INFO - Getting connection using `google.auth.default()` since no explicit credentials are provided.
[2026-02-05T22:02:34.474+0000] {bigquery.py:2807} INFO - Executing: {'query': {'query': "\n                CREATE OR REPLACE EXTERNAL TABLE `my_project.my_dataset.events_ext`\n                OPTIONS(\n                    format = 'CSV',\n                    uris = ['gs://bronze-data-ecom/20260205/events.csv'],\n                    skip_leading_rows = 1,\n                    autodetect = TRUE\n                )\n            ", 'useLegacySql': False}}'
[2026-02-05T22:02:34.475+0000] {bigquery.py:1596} INFO - Inserting job ***_ecommerce_etl_full_create_events_external_table_2026_02_05T21_49_21_244732_00_00_be885618ea888ff4dd18e4bfbad28cf5
[2026-02-05T22:02:35.108+0000] {taskinstance.py:2698} ERROR - Task failed with exception
Traceback (most recent call last):
  File "/home/airflow/.local/lib/python3.8/site-packages/airflow/models/taskinstance.py", line 433, in _execute_task
    result = execute_callable(context=context, **execute_callable_kwargs)
  File "/home/airflow/.local/lib/python3.8/site-packages/airflow/providers/google/cloud/operators/bigquery.py", line 2864, in execute
    job.result(timeout=self.result_timeout, retry=self.result_retry)
  File "/home/airflow/.local/lib/python3.8/site-packages/google/cloud/bigquery/job/query.py", line 1595, in result
    do_get_result()
  File "/home/airflow/.local/lib/python3.8/site-packages/google/cloud/bigquery/job/query.py", line 1584, in do_get_result
    super(QueryJob, self).result(retry=retry, timeout=timeout)
  File "/home/airflow/.local/lib/python3.8/site-packages/google/cloud/bigquery/job/base.py", line 971, in result
    return super(_AsyncJob, self).result(timeout=timeout, **kwargs)
  File "/home/airflow/.local/lib/python3.8/site-packages/google/api_core/future/polling.py", line 261, in result
    raise self._exception
google.api_core.exceptions.BadRequest: 400 Invalid project ID 'my_project'. Project IDs must contain 6-63 lowercase letters, digits, or dashes. Some project IDs also include domain name separated by a colon. IDs must start with a letter and may not end with a dash.; reason: invalid, location: my_project.my_dataset.events_ext, message: Invalid project ID 'my_project'. Project IDs must contain 6-63 lowercase letters, digits, or dashes. Some project IDs also include domain name separated by a colon. IDs must start with a letter and may not end with a dash.

Location: US
Job ID: airflow_ecommerce_etl_full_create_events_external_table_2026_02_05T21_49_21_244732_00_00_be885618ea888ff4dd18e4bfbad28cf5

[2026-02-05T22:02:35.117+0000] {taskinstance.py:1138} INFO - Marking task as FAILED. dag_id=ecommerce_etl_full, task_id=create_events_external_table, execution_date=20260205T214921, start_date=20260205T220234, end_date=20260205T220235
[2026-02-05T22:02:35.125+0000] {standard_task_runner.py:107} ERROR - Failed to execute job 26 for task create_events_external_table (400 Invalid project ID 'my_project'. Project IDs must contain 6-63 lowercase letters, digits, or dashes. Some project IDs also include domain name separated by a colon. IDs must start with a letter and may not end with a dash.; reason: invalid, location: my_project.my_dataset.events_ext, message: Invalid project ID 'my_project'. Project IDs must contain 6-63 lowercase letters, digits, or dashes. Some project IDs also include domain name separated by a colon. IDs must start with a letter and may not end with a dash.

Location: US
Job ID: airflow_ecommerce_etl_full_create_events_external_table_2026_02_05T21_49_21_244732_00_00_be885618ea888ff4dd18e4bfbad28cf5
; 382)
[2026-02-05T22:02:35.164+0000] {local_task_job_runner.py:234} INFO - Task exited with return code 1
[2026-02-05T22:02:35.178+0000] {taskinstance.py:3280} INFO - 0 downstream tasks scheduled from follow-on schedule check
