[2026-02-05T22:06:52.420+0000] {taskinstance.py:1956} INFO - Dependencies all met for dep_context=non-requeueable deps ti=<TaskInstance: ecommerce_etl_full.create_events_external_table manual__2026-02-05T21:49:21.244732+00:00 [queued]>
[2026-02-05T22:06:52.424+0000] {taskinstance.py:1956} INFO - Dependencies all met for dep_context=requeueable deps ti=<TaskInstance: ecommerce_etl_full.create_events_external_table manual__2026-02-05T21:49:21.244732+00:00 [queued]>
[2026-02-05T22:06:52.424+0000] {taskinstance.py:2170} INFO - Starting attempt 9 of 9
[2026-02-05T22:06:52.430+0000] {taskinstance.py:2191} INFO - Executing <Task(BigQueryInsertJobOperator): create_events_external_table> on 2026-02-05 21:49:21.244732+00:00
[2026-02-05T22:06:52.433+0000] {standard_task_runner.py:60} INFO - Started process 779 to run task
[2026-02-05T22:06:52.435+0000] {standard_task_runner.py:87} INFO - Running: ['***', 'tasks', 'run', 'ecommerce_etl_full', 'create_events_external_table', 'manual__2026-02-05T21:49:21.244732+00:00', '--job-id', '29', '--raw', '--subdir', 'DAGS_FOLDER/etl_dag.py', '--cfg-path', '/tmp/tmpx7b_bz74']
[2026-02-05T22:06:52.436+0000] {standard_task_runner.py:88} INFO - Job 29: Subtask create_events_external_table
[2026-02-05T22:06:52.461+0000] {task_command.py:423} INFO - Running <TaskInstance: ecommerce_etl_full.create_events_external_table manual__2026-02-05T21:49:21.244732+00:00 [running]> on host 12c5c10e9611
[2026-02-05T22:06:52.501+0000] {taskinstance.py:2480} INFO - Exporting env vars: AIRFLOW_CTX_DAG_OWNER='***' AIRFLOW_CTX_DAG_ID='ecommerce_etl_full' AIRFLOW_CTX_TASK_ID='create_events_external_table' AIRFLOW_CTX_EXECUTION_DATE='2026-02-05T21:49:21.244732+00:00' AIRFLOW_CTX_TRY_NUMBER='9' AIRFLOW_CTX_DAG_RUN_ID='manual__2026-02-05T21:49:21.244732+00:00'
[2026-02-05T22:06:52.506+0000] {connection.py:234} WARNING - Connection schemes (type: google_cloud_platform) shall not contain '_' according to RFC3986.
[2026-02-05T22:06:52.506+0000] {base.py:83} INFO - Using connection ID 'google_cloud_default' for task execution.
[2026-02-05T22:06:52.506+0000] {credentials_provider.py:353} INFO - Getting connection using `google.auth.default()` since no explicit credentials are provided.
[2026-02-05T22:06:52.546+0000] {bigquery.py:2807} INFO - Executing: {'query': {'query': "\n                CREATE OR REPLACE EXTERNAL TABLE `prism-486509.ecom_dataset.events_ext`\n                OPTIONS(\n                    format = 'CSV',\n                    uris = ['gs://bronze-data-ecom/20260205/events.csv'],\n                    skip_leading_rows = 1\n                )\n            ", 'useLegacySql': False}}'
[2026-02-05T22:06:52.546+0000] {bigquery.py:1596} INFO - Inserting job ***_ecommerce_etl_full_create_events_external_table_2026_02_05T21_49_21_244732_00_00_f1ce770c59aaa1aac7939759fde3736b
[2026-02-05T22:06:54.408+0000] {taskinstance.py:2698} ERROR - Task failed with exception
Traceback (most recent call last):
  File "/home/airflow/.local/lib/python3.8/site-packages/airflow/models/taskinstance.py", line 433, in _execute_task
    result = execute_callable(context=context, **execute_callable_kwargs)
  File "/home/airflow/.local/lib/python3.8/site-packages/airflow/providers/google/cloud/operators/bigquery.py", line 2864, in execute
    job.result(timeout=self.result_timeout, retry=self.result_retry)
  File "/home/airflow/.local/lib/python3.8/site-packages/google/cloud/bigquery/job/query.py", line 1595, in result
    do_get_result()
  File "/home/airflow/.local/lib/python3.8/site-packages/google/cloud/bigquery/job/query.py", line 1584, in do_get_result
    super(QueryJob, self).result(retry=retry, timeout=timeout)
  File "/home/airflow/.local/lib/python3.8/site-packages/google/cloud/bigquery/job/base.py", line 971, in result
    return super(_AsyncJob, self).result(timeout=timeout, **kwargs)
  File "/home/airflow/.local/lib/python3.8/site-packages/google/api_core/future/polling.py", line 261, in result
    raise self._exception
google.api_core.exceptions.BadRequest: 400 Error while reading table: events_ext, error message: The table events_ext cannot be read because uris did not match any data. File: gs://bronze-data-ecom/20260205/events.csv; reason: invalid, location: gs://bronze-data-ecom/20260205/events.csv, message: Error while reading table: events_ext, error message: The table events_ext cannot be read because uris did not match any data. File: gs://bronze-data-ecom/20260205/events.csv

Location: europe-west1
Job ID: airflow_ecommerce_etl_full_create_events_external_table_2026_02_05T21_49_21_244732_00_00_f1ce770c59aaa1aac7939759fde3736b

[2026-02-05T22:06:54.421+0000] {taskinstance.py:1138} INFO - Marking task as FAILED. dag_id=ecommerce_etl_full, task_id=create_events_external_table, execution_date=20260205T214921, start_date=20260205T220652, end_date=20260205T220654
[2026-02-05T22:06:54.432+0000] {standard_task_runner.py:107} ERROR - Failed to execute job 29 for task create_events_external_table (400 Error while reading table: events_ext, error message: The table events_ext cannot be read because uris did not match any data. File: gs://bronze-data-ecom/20260205/events.csv; reason: invalid, location: gs://bronze-data-ecom/20260205/events.csv, message: Error while reading table: events_ext, error message: The table events_ext cannot be read because uris did not match any data. File: gs://bronze-data-ecom/20260205/events.csv

Location: europe-west1
Job ID: airflow_ecommerce_etl_full_create_events_external_table_2026_02_05T21_49_21_244732_00_00_f1ce770c59aaa1aac7939759fde3736b
; 779)
[2026-02-05T22:06:54.446+0000] {local_task_job_runner.py:234} INFO - Task exited with return code 1
[2026-02-05T22:06:54.463+0000] {taskinstance.py:3280} INFO - 0 downstream tasks scheduled from follow-on schedule check
