[2026-02-05T21:52:39.483+0000] {taskinstance.py:1956} INFO - Dependencies all met for dep_context=non-requeueable deps ti=<TaskInstance: ecommerce_etl_full.create_events_external_table manual__2026-02-05T21:49:21.244732+00:00 [queued]>
[2026-02-05T21:52:39.487+0000] {taskinstance.py:1956} INFO - Dependencies all met for dep_context=requeueable deps ti=<TaskInstance: ecommerce_etl_full.create_events_external_table manual__2026-02-05T21:49:21.244732+00:00 [queued]>
[2026-02-05T21:52:39.487+0000] {taskinstance.py:2170} INFO - Starting attempt 1 of 1
[2026-02-05T21:52:39.492+0000] {taskinstance.py:2191} INFO - Executing <Task(BigQueryInsertJobOperator): create_events_external_table> on 2026-02-05 21:49:21.244732+00:00
[2026-02-05T21:52:39.495+0000] {standard_task_runner.py:60} INFO - Started process 502 to run task
[2026-02-05T21:52:39.497+0000] {standard_task_runner.py:87} INFO - Running: ['***', 'tasks', 'run', 'ecommerce_etl_full', 'create_events_external_table', 'manual__2026-02-05T21:49:21.244732+00:00', '--job-id', '20', '--raw', '--subdir', 'DAGS_FOLDER/etl_dag.py', '--cfg-path', '/tmp/tmps8onidh8']
[2026-02-05T21:52:39.499+0000] {standard_task_runner.py:88} INFO - Job 20: Subtask create_events_external_table
[2026-02-05T21:52:39.519+0000] {task_command.py:423} INFO - Running <TaskInstance: ecommerce_etl_full.create_events_external_table manual__2026-02-05T21:49:21.244732+00:00 [running]> on host b9046f58f6c7
[2026-02-05T21:52:39.551+0000] {taskinstance.py:2480} INFO - Exporting env vars: AIRFLOW_CTX_DAG_OWNER='***' AIRFLOW_CTX_DAG_ID='ecommerce_etl_full' AIRFLOW_CTX_TASK_ID='create_events_external_table' AIRFLOW_CTX_EXECUTION_DATE='2026-02-05T21:49:21.244732+00:00' AIRFLOW_CTX_TRY_NUMBER='1' AIRFLOW_CTX_DAG_RUN_ID='manual__2026-02-05T21:49:21.244732+00:00'
[2026-02-05T21:52:39.555+0000] {connection.py:234} WARNING - Connection schemes (type: google_cloud_platform) shall not contain '_' according to RFC3986.
[2026-02-05T21:52:39.555+0000] {base.py:83} INFO - Using connection ID 'google_cloud_default' for task execution.
[2026-02-05T21:52:39.555+0000] {credentials_provider.py:353} INFO - Getting connection using `google.auth.default()` since no explicit credentials are provided.
[2026-02-05T21:52:39.595+0000] {bigquery.py:2807} INFO - Executing: {'query': {'query': "\n                CREATE OR REPLACE EXTERNAL TABLE `my_project.my_dataset.events_ext`\n                OPTIONS(\n                    format = 'CSV',\n                    uris = ['gs://bronze-data-ecom/20260205/events.csv'],\n                    skip_leading_rows = 1,\n                    autodetect = TRUE\n                )\n            ", 'useLegacySql': False}}'
[2026-02-05T21:52:39.595+0000] {bigquery.py:1596} INFO - Inserting job ***_ecommerce_etl_full_create_events_external_table_2026_02_05T21_49_21_244732_00_00_7a613fbf8c22e1e0426ba28f735a3298
[2026-02-05T21:52:40.392+0000] {taskinstance.py:2698} ERROR - Task failed with exception
Traceback (most recent call last):
  File "/home/airflow/.local/lib/python3.8/site-packages/airflow/models/taskinstance.py", line 433, in _execute_task
    result = execute_callable(context=context, **execute_callable_kwargs)
  File "/home/airflow/.local/lib/python3.8/site-packages/airflow/providers/google/cloud/operators/bigquery.py", line 2808, in execute
    job: BigQueryJob | UnknownJob = self._submit_job(hook, self.job_id)
  File "/home/airflow/.local/lib/python3.8/site-packages/airflow/providers/google/cloud/operators/bigquery.py", line 2773, in _submit_job
    return hook.insert_job(
  File "/home/airflow/.local/lib/python3.8/site-packages/airflow/providers/google/common/hooks/base_google.py", line 477, in inner_wrapper
    return func(self, *args, **kwargs)
  File "/home/airflow/.local/lib/python3.8/site-packages/airflow/providers/google/cloud/hooks/bigquery.py", line 1599, in insert_job
    job_api_repr._begin()
  File "/home/airflow/.local/lib/python3.8/site-packages/google/cloud/bigquery/job/query.py", line 1379, in _begin
    super(QueryJob, self)._begin(client=client, retry=retry, timeout=timeout)
  File "/home/airflow/.local/lib/python3.8/site-packages/google/cloud/bigquery/job/base.py", line 740, in _begin
    api_response = client._call_api(
  File "/home/airflow/.local/lib/python3.8/site-packages/google/cloud/bigquery/client.py", line 818, in _call_api
    return call()
  File "/home/airflow/.local/lib/python3.8/site-packages/google/api_core/retry.py", line 372, in retry_wrapped_func
    return retry_target(
  File "/home/airflow/.local/lib/python3.8/site-packages/google/api_core/retry.py", line 207, in retry_target
    result = target()
  File "/home/airflow/.local/lib/python3.8/site-packages/google/cloud/_http/__init__.py", line 494, in api_request
    raise exceptions.from_http_response(response)
google.api_core.exceptions.Forbidden: 403 POST https://bigquery.googleapis.com/bigquery/v2/projects/prism-486509/jobs?prettyPrint=false: Access Denied: Project prism-486509: User does not have bigquery.jobs.create permission in project prism-486509.

Location: None
Job ID: airflow_ecommerce_etl_full_create_events_external_table_2026_02_05T21_49_21_244732_00_00_7a613fbf8c22e1e0426ba28f735a3298

[2026-02-05T21:52:40.403+0000] {taskinstance.py:1138} INFO - Marking task as FAILED. dag_id=ecommerce_etl_full, task_id=create_events_external_table, execution_date=20260205T214921, start_date=20260205T215239, end_date=20260205T215240
[2026-02-05T21:52:40.411+0000] {standard_task_runner.py:107} ERROR - Failed to execute job 20 for task create_events_external_table (403 POST https://bigquery.googleapis.com/bigquery/v2/projects/prism-486509/jobs?prettyPrint=false: Access Denied: Project prism-486509: User does not have bigquery.jobs.create permission in project prism-486509.

Location: None
Job ID: airflow_ecommerce_etl_full_create_events_external_table_2026_02_05T21_49_21_244732_00_00_7a613fbf8c22e1e0426ba28f735a3298
; 502)
[2026-02-05T21:52:40.445+0000] {local_task_job_runner.py:234} INFO - Task exited with return code 1
[2026-02-05T21:52:40.457+0000] {taskinstance.py:3280} INFO - 0 downstream tasks scheduled from follow-on schedule check
