[2026-02-07T11:58:14.954+0000] {taskinstance.py:1956} INFO - Dependencies all met for dep_context=non-requeueable deps ti=<TaskInstance: ecommerce_etl_full_dynamic.dynamic_task_creator manual__2026-02-07T11:55:00.536528+00:00 [queued]>
[2026-02-07T11:58:14.959+0000] {taskinstance.py:1956} INFO - Dependencies all met for dep_context=requeueable deps ti=<TaskInstance: ecommerce_etl_full_dynamic.dynamic_task_creator manual__2026-02-07T11:55:00.536528+00:00 [queued]>
[2026-02-07T11:58:14.959+0000] {taskinstance.py:2170} INFO - Starting attempt 1 of 2
[2026-02-07T11:58:14.965+0000] {taskinstance.py:2191} INFO - Executing <Task(PythonOperator): dynamic_task_creator> on 2026-02-07 11:55:00.536528+00:00
[2026-02-07T11:58:14.968+0000] {standard_task_runner.py:60} INFO - Started process 1885 to run task
[2026-02-07T11:58:14.970+0000] {standard_task_runner.py:87} INFO - Running: ['***', 'tasks', 'run', 'ecommerce_etl_full_dynamic', 'dynamic_task_creator', 'manual__2026-02-07T11:55:00.536528+00:00', '--job-id', '54', '--raw', '--subdir', 'DAGS_FOLDER/etl_dag.py', '--cfg-path', '/tmp/tmp3s4xuhps']
[2026-02-07T11:58:14.972+0000] {standard_task_runner.py:88} INFO - Job 54: Subtask dynamic_task_creator
[2026-02-07T11:58:14.996+0000] {task_command.py:423} INFO - Running <TaskInstance: ecommerce_etl_full_dynamic.dynamic_task_creator manual__2026-02-07T11:55:00.536528+00:00 [running]> on host a3a072bb20cb
[2026-02-07T11:58:15.032+0000] {taskinstance.py:2480} INFO - Exporting env vars: AIRFLOW_CTX_DAG_OWNER='***' AIRFLOW_CTX_DAG_ID='ecommerce_etl_full_dynamic' AIRFLOW_CTX_TASK_ID='dynamic_task_creator' AIRFLOW_CTX_EXECUTION_DATE='2026-02-07T11:55:00.536528+00:00' AIRFLOW_CTX_TRY_NUMBER='1' AIRFLOW_CTX_DAG_RUN_ID='manual__2026-02-07T11:55:00.536528+00:00'
[2026-02-07T11:58:15.039+0000] {taskinstance.py:2698} ERROR - Task failed with exception
Traceback (most recent call last):
  File "/home/airflow/.local/lib/python3.8/site-packages/airflow/models/taskinstance.py", line 433, in _execute_task
    result = execute_callable(context=context, **execute_callable_kwargs)
  File "/home/airflow/.local/lib/python3.8/site-packages/airflow/operators/python.py", line 199, in execute
    return_value = self.execute_callable()
  File "/home/airflow/.local/lib/python3.8/site-packages/airflow/operators/python.py", line 216, in execute_callable
    return self.python_callable(*self.op_args, **self.op_kwargs)
  File "/opt/airflow/dags/etl_dag.py", line 129, in create_dynamic_tasks
    raise FileNotFoundError(f"Missing transform SQL file: {sql_file}")
FileNotFoundError: Missing transform SQL file: distribution_centers.sql
[2026-02-07T11:58:15.043+0000] {taskinstance.py:1138} INFO - Marking task as UP_FOR_RETRY. dag_id=ecommerce_etl_full_dynamic, task_id=dynamic_task_creator, execution_date=20260207T115500, start_date=20260207T115814, end_date=20260207T115815
[2026-02-07T11:58:15.049+0000] {standard_task_runner.py:107} ERROR - Failed to execute job 54 for task dynamic_task_creator (Missing transform SQL file: distribution_centers.sql; 1885)
[2026-02-07T11:58:15.067+0000] {local_task_job_runner.py:234} INFO - Task exited with return code 1
[2026-02-07T11:58:15.077+0000] {taskinstance.py:3280} INFO - 0 downstream tasks scheduled from follow-on schedule check
