[2026-02-07T15:46:04.536+0000] {taskinstance.py:1956} INFO - Dependencies all met for dep_context=non-requeueable deps ti=<TaskInstance: ecommerce_etl.silver_order_items scheduled__2026-02-06T00:00:00+00:00 [queued]>
[2026-02-07T15:46:04.540+0000] {taskinstance.py:1956} INFO - Dependencies all met for dep_context=requeueable deps ti=<TaskInstance: ecommerce_etl.silver_order_items scheduled__2026-02-06T00:00:00+00:00 [queued]>
[2026-02-07T15:46:04.540+0000] {taskinstance.py:2170} INFO - Starting attempt 2 of 3
[2026-02-07T15:46:04.545+0000] {taskinstance.py:2191} INFO - Executing <Task(BigQueryInsertJobOperator): silver_order_items> on 2026-02-06 00:00:00+00:00
[2026-02-07T15:46:04.549+0000] {standard_task_runner.py:60} INFO - Started process 5112 to run task
[2026-02-07T15:46:04.551+0000] {standard_task_runner.py:87} INFO - Running: ['***', 'tasks', 'run', 'ecommerce_etl', 'silver_order_items', 'scheduled__2026-02-06T00:00:00+00:00', '--job-id', '145', '--raw', '--subdir', 'DAGS_FOLDER/etl_dag.py', '--cfg-path', '/tmp/tmp8ebkwz0z']
[2026-02-07T15:46:04.552+0000] {standard_task_runner.py:88} INFO - Job 145: Subtask silver_order_items
[2026-02-07T15:46:04.574+0000] {task_command.py:423} INFO - Running <TaskInstance: ecommerce_etl.silver_order_items scheduled__2026-02-06T00:00:00+00:00 [running]> on host 1d9eed85a9d4
[2026-02-07T15:46:04.606+0000] {taskinstance.py:2480} INFO - Exporting env vars: AIRFLOW_CTX_DAG_OWNER='***' AIRFLOW_CTX_DAG_ID='ecommerce_etl' AIRFLOW_CTX_TASK_ID='silver_order_items' AIRFLOW_CTX_EXECUTION_DATE='2026-02-06T00:00:00+00:00' AIRFLOW_CTX_TRY_NUMBER='2' AIRFLOW_CTX_DAG_RUN_ID='scheduled__2026-02-06T00:00:00+00:00'
[2026-02-07T15:46:04.610+0000] {connection.py:234} WARNING - Connection schemes (type: google_cloud_platform) shall not contain '_' according to RFC3986.
[2026-02-07T15:46:04.611+0000] {base.py:83} INFO - Using connection ID 'google_cloud_default' for task execution.
[2026-02-07T15:46:04.611+0000] {credentials_provider.py:353} INFO - Getting connection using `google.auth.default()` since no explicit credentials are provided.
[2026-02-07T15:46:04.648+0000] {bigquery.py:2807} INFO - Executing: {'query': {'query': 'WITH deduplicated_order_items AS (\n  -- Step 1: Ensure uniqueness by item ID\n  SELECT\n    *,\n    ROW_NUMBER() OVER (PARTITION BY id ORDER BY created_at DESC) as row_num\n  FROM\n    `bronze.orders.ext_order_items`\n)\nSELECT\n  -- Step 2: Identifiers & Renaming\n  id AS order_item_id,\n  order_id,\n  user_id,\n  product_id,\n  inventory_item_id,\n\n  -- Step 3: Financial Standardization\n  CAST(sale_price AS NUMERIC) AS item_sale_price,\n\n  -- Step 4: Status Cleaning\n  INITCAP(status) AS order_status, -- Ensures "Shipped" instead of "shipped"\n\n  -- Step 5: Timestamps\n  created_at AS order_created_at,\n  shipped_at,\n  delivered_at,\n  returned_at,\n\n  -- Step 6: Logical Flags for Easier Reporting\n  CASE \n    WHEN status = \'Complete\' THEN TRUE \n    ELSE FALSE \n  END AS is_fully_completed,\n\n  CASE \n    WHEN returned_at IS NOT NULL THEN TRUE \n    ELSE FALSE \n  END AS was_returned\n\nFROM\n  deduplicated_order_items\nWHERE\n  row_num = 1\nORDER BY \n  order_created_at DESC;\n\n', 'useLegacySql': False, 'destinationTable': {'projectId': 'prism-486509', 'datasetId': 'silver', 'tableId': 'order_items'}, 'writeDisposition': 'WRITE_TRUNCATE'}}'
[2026-02-07T15:46:04.649+0000] {bigquery.py:1596} INFO - Inserting job ***_ecommerce_etl_silver_order_items_2026_02_06T00_00_00_00_00_789809b29bcacfa835d3f3b72bb85805
[2026-02-07T15:46:05.419+0000] {taskinstance.py:2698} ERROR - Task failed with exception
Traceback (most recent call last):
  File "/home/airflow/.local/lib/python3.8/site-packages/airflow/models/taskinstance.py", line 433, in _execute_task
    result = execute_callable(context=context, **execute_callable_kwargs)
  File "/home/airflow/.local/lib/python3.8/site-packages/airflow/providers/google/cloud/operators/bigquery.py", line 2864, in execute
    job.result(timeout=self.result_timeout, retry=self.result_retry)
  File "/home/airflow/.local/lib/python3.8/site-packages/google/cloud/bigquery/job/query.py", line 1595, in result
    do_get_result()
  File "/home/airflow/.local/lib/python3.8/site-packages/google/cloud/bigquery/job/query.py", line 1584, in do_get_result
    super(QueryJob, self).result(retry=retry, timeout=timeout)
  File "/home/airflow/.local/lib/python3.8/site-packages/google/cloud/bigquery/job/base.py", line 971, in result
    return super(_AsyncJob, self).result(timeout=timeout, **kwargs)
  File "/home/airflow/.local/lib/python3.8/site-packages/google/api_core/future/polling.py", line 261, in result
    raise self._exception
google.api_core.exceptions.Forbidden: 403 Access Denied: Table bronze:orders.ext_order_items: User does not have permission to query table bronze:orders.ext_order_items, or perhaps it does not exist.; reason: accessDenied, message: Access Denied: Table bronze:orders.ext_order_items: User does not have permission to query table bronze:orders.ext_order_items, or perhaps it does not exist.

Location: europe-west1
Job ID: airflow_ecommerce_etl_silver_order_items_2026_02_06T00_00_00_00_00_789809b29bcacfa835d3f3b72bb85805

[2026-02-07T15:46:05.425+0000] {taskinstance.py:1138} INFO - Marking task as UP_FOR_RETRY. dag_id=ecommerce_etl, task_id=silver_order_items, execution_date=20260206T000000, start_date=20260207T154604, end_date=20260207T154605
[2026-02-07T15:46:05.431+0000] {standard_task_runner.py:107} ERROR - Failed to execute job 145 for task silver_order_items (403 Access Denied: Table bronze:orders.ext_order_items: User does not have permission to query table bronze:orders.ext_order_items, or perhaps it does not exist.; reason: accessDenied, message: Access Denied: Table bronze:orders.ext_order_items: User does not have permission to query table bronze:orders.ext_order_items, or perhaps it does not exist.

Location: europe-west1
Job ID: airflow_ecommerce_etl_silver_order_items_2026_02_06T00_00_00_00_00_789809b29bcacfa835d3f3b72bb85805
; 5112)
[2026-02-07T15:46:05.457+0000] {local_task_job_runner.py:234} INFO - Task exited with return code 1
[2026-02-07T15:46:05.467+0000] {taskinstance.py:3280} INFO - 0 downstream tasks scheduled from follow-on schedule check
