[2026-02-07T12:24:01.846+0000] {taskinstance.py:1956} INFO - Dependencies all met for dep_context=non-requeueable deps ti=<TaskInstance: ecommerce_etl.list_csv_files scheduled__2026-02-06T00:00:00+00:00 [queued]>
[2026-02-07T12:24:01.850+0000] {taskinstance.py:1956} INFO - Dependencies all met for dep_context=requeueable deps ti=<TaskInstance: ecommerce_etl.list_csv_files scheduled__2026-02-06T00:00:00+00:00 [queued]>
[2026-02-07T12:24:01.850+0000] {taskinstance.py:2170} INFO - Starting attempt 1 of 2
[2026-02-07T12:24:01.855+0000] {taskinstance.py:2191} INFO - Executing <Task(PythonOperator): list_csv_files> on 2026-02-06 00:00:00+00:00
[2026-02-07T12:24:01.858+0000] {standard_task_runner.py:60} INFO - Started process 594 to run task
[2026-02-07T12:24:01.860+0000] {standard_task_runner.py:87} INFO - Running: ['***', 'tasks', 'run', 'ecommerce_etl', 'list_csv_files', 'scheduled__2026-02-06T00:00:00+00:00', '--job-id', '67', '--raw', '--subdir', 'DAGS_FOLDER/etl_dag.py', '--cfg-path', '/tmp/tmp_to6bi_9']
[2026-02-07T12:24:01.862+0000] {standard_task_runner.py:88} INFO - Job 67: Subtask list_csv_files
[2026-02-07T12:24:01.885+0000] {task_command.py:423} INFO - Running <TaskInstance: ecommerce_etl.list_csv_files scheduled__2026-02-06T00:00:00+00:00 [running]> on host 250d84862194
[2026-02-07T12:24:01.921+0000] {taskinstance.py:2480} INFO - Exporting env vars: AIRFLOW_CTX_DAG_OWNER='***' AIRFLOW_CTX_DAG_ID='ecommerce_etl' AIRFLOW_CTX_TASK_ID='list_csv_files' AIRFLOW_CTX_EXECUTION_DATE='2026-02-06T00:00:00+00:00' AIRFLOW_CTX_TRY_NUMBER='1' AIRFLOW_CTX_DAG_RUN_ID='scheduled__2026-02-06T00:00:00+00:00'
[2026-02-07T12:24:01.925+0000] {connection.py:234} WARNING - Connection schemes (type: google_cloud_platform) shall not contain '_' according to RFC3986.
[2026-02-07T12:24:01.926+0000] {base.py:83} INFO - Using connection ID 'google_cloud_default' for task execution.
[2026-02-07T12:24:01.926+0000] {credentials_provider.py:353} INFO - Getting connection using `google.auth.default()` since no explicit credentials are provided.
[2026-02-07T12:24:02.242+0000] {python.py:201} INFO - Done. Returned value was: ['distribution_centers.csv', 'events.csv', 'inventory_items.csv', 'order_items.csv', 'orders.csv', 'products.csv', 'users.csv']
[2026-02-07T12:24:02.258+0000] {taskinstance.py:1138} INFO - Marking task as SUCCESS. dag_id=ecommerce_etl, task_id=list_csv_files, execution_date=20260206T000000, start_date=20260207T122401, end_date=20260207T122402
[2026-02-07T12:24:02.290+0000] {local_task_job_runner.py:234} INFO - Task exited with return code 0
[2026-02-07T12:24:02.302+0000] {taskinstance.py:3280} INFO - 1 downstream tasks scheduled from follow-on schedule check
[2026-02-07T12:47:34.119+0000] {taskinstance.py:1956} INFO - Dependencies all met for dep_context=non-requeueable deps ti=<TaskInstance: ecommerce_etl.list_csv_files scheduled__2026-02-06T00:00:00+00:00 [queued]>
[2026-02-07T12:47:34.124+0000] {taskinstance.py:1956} INFO - Dependencies all met for dep_context=requeueable deps ti=<TaskInstance: ecommerce_etl.list_csv_files scheduled__2026-02-06T00:00:00+00:00 [queued]>
[2026-02-07T12:47:34.124+0000] {taskinstance.py:2170} INFO - Starting attempt 1 of 2
[2026-02-07T12:47:34.131+0000] {taskinstance.py:2191} INFO - Executing <Task(PythonOperator): list_csv_files> on 2026-02-06 00:00:00+00:00
[2026-02-07T12:47:34.135+0000] {standard_task_runner.py:60} INFO - Started process 502 to run task
[2026-02-07T12:47:34.137+0000] {standard_task_runner.py:87} INFO - Running: ['***', 'tasks', 'run', 'ecommerce_etl', 'list_csv_files', 'scheduled__2026-02-06T00:00:00+00:00', '--job-id', '78', '--raw', '--subdir', 'DAGS_FOLDER/etl_dag.py', '--cfg-path', '/tmp/tmpeav814bw']
[2026-02-07T12:47:34.138+0000] {standard_task_runner.py:88} INFO - Job 78: Subtask list_csv_files
[2026-02-07T12:47:34.166+0000] {task_command.py:423} INFO - Running <TaskInstance: ecommerce_etl.list_csv_files scheduled__2026-02-06T00:00:00+00:00 [running]> on host 1f74174bf145
[2026-02-07T12:47:34.204+0000] {taskinstance.py:2480} INFO - Exporting env vars: AIRFLOW_CTX_DAG_OWNER='***' AIRFLOW_CTX_DAG_ID='ecommerce_etl' AIRFLOW_CTX_TASK_ID='list_csv_files' AIRFLOW_CTX_EXECUTION_DATE='2026-02-06T00:00:00+00:00' AIRFLOW_CTX_TRY_NUMBER='1' AIRFLOW_CTX_DAG_RUN_ID='scheduled__2026-02-06T00:00:00+00:00'
[2026-02-07T12:47:34.209+0000] {connection.py:234} WARNING - Connection schemes (type: google_cloud_platform) shall not contain '_' according to RFC3986.
[2026-02-07T12:47:34.209+0000] {base.py:83} INFO - Using connection ID 'google_cloud_default' for task execution.
[2026-02-07T12:47:34.210+0000] {credentials_provider.py:353} INFO - Getting connection using `google.auth.default()` since no explicit credentials are provided.
[2026-02-07T12:47:34.526+0000] {python.py:201} INFO - Done. Returned value was: ['distribution_centers.csv', 'events.csv', 'inventory_items.csv', 'order_items.csv', 'orders.csv', 'products.csv', 'users.csv']
[2026-02-07T12:47:34.541+0000] {taskinstance.py:1138} INFO - Marking task as SUCCESS. dag_id=ecommerce_etl, task_id=list_csv_files, execution_date=20260206T000000, start_date=20260207T124734, end_date=20260207T124734
[2026-02-07T12:47:34.569+0000] {local_task_job_runner.py:234} INFO - Task exited with return code 0
[2026-02-07T12:47:34.583+0000] {taskinstance.py:3280} INFO - 1 downstream tasks scheduled from follow-on schedule check
